\BOOKMARK [1][-]{Doc-Start}{\376\377\144\130\211\201}{}% 1
\BOOKMARK [1][-]{Doc-Start}{\376\377\000\040\0005\147\010\221\317\133\120\171\321\142\200\210\114\116\032\126\375\121\205\060\001\126\375\226\105\117\032\213\256}{}% 2
\BOOKMARK [1][-]{section.1}{\376\377\133\217\211\302\140\001\122\277}{}% 3
\BOOKMARK [2][-]{subsection.1.1}{\376\377\000\040\116\003\126\375\226\306\126\342\000G\0007\131\056\210\114\123\321\136\003\231\226\116\375\221\317\133\120\142\200\147\057\142\245\124\112\000\040}{section.1}% 4
\BOOKMARK [2][-]{subsection.1.2}{\376\377\000\040\211\177\163\355\162\131\142\020\172\313\221\317\133\120\200\124\166\337\116\345\143\250\122\250\221\317\133\120\142\200\147\057\165\037\140\001\174\373\176\337\123\321\134\125\000\040}{section.1}% 5
\BOOKMARK [2][-]{subsection.1.3}{\376\377\000\040\172\106\217\352\121\154\123\370\213\146\124\112\171\360\377\032\221\317\133\120\213\241\173\227\132\001\200\301\134\006\221\315\130\121\121\150\164\003\145\160\133\127\221\321\207\215\230\316\226\151\000\040}{section.1}% 6
\BOOKMARK [2][-]{subsection.1.4}{\376\377\000\040\000H\000i\000P\000E\000Q\230\171\166\356\126\342\226\037\137\000\123\321\121\372\227\142\124\021\221\317\133\120\142\200\147\057\136\224\165\050\166\204\232\330\172\063\133\232\140\047\137\256\127\213\157\300\121\111\121\111\156\220\000\040}{section.1}% 7
\BOOKMARK [2][-]{subsection.1.5}{\376\377\000\040\000Q\000u\000a\000n\000t\000i\000n\000u\000u\000m\116\016\000S\000y\000n\000o\000p\000s\000y\000s\217\276\142\020\142\030\165\145\124\010\117\134\377\014\134\006\143\250\217\333\221\317\133\120\213\241\173\227\127\050\135\345\116\032\213\276\213\241\116\055\166\204\136\224\165\050\000\040}{section.1}% 8
\BOOKMARK [2][-]{subsection.1.6}{\376\377\000\040\116\135\171\315\120\031\220\011\145\271\150\110\146\113\176\247\124\016\221\317\133\120\133\306\170\001\150\007\121\306\123\026\155\101\172\013\226\104\122\240\145\160\133\127\173\176\124\015\173\054\116\011\217\156\213\304\220\011\000\040}{section.1}% 9
\BOOKMARK [2][-]{subsection.1.7}{\376\377\000\040\000Q\000N\000u\000\040\000L\000a\000b\000s\210\253\000M\000a\000r\000k\000e\000t\000s\000a\000n\000d\000M\000a\000r\000k\000e\000t\000s\213\304\116\072\221\317\133\120\133\306\224\245\122\006\123\321\136\002\127\072\166\204\146\016\146\037\117\001\116\032\000\040}{section.1}% 10
\BOOKMARK [2][-]{subsection.1.8}{\376\377\000\040\165\050\116\216\226\306\142\020\221\317\133\120\121\111\133\120\133\146\166\204\215\205\133\374\123\125\121\111\133\120\143\242\155\113\126\150\000\040}{section.1}% 11
\BOOKMARK [2][-]{subsection.1.9}{\376\377\000\040\177\216\126\375\200\375\156\220\220\350\123\321\136\003\133\271\225\031\221\317\133\120\213\241\173\227\000R\000F\000I\220\032\167\345\377\014\122\121\143\007\0002\0000\0002\0008\136\164\122\115\220\350\177\162\171\321\133\146\176\247\000F\000T\000Q\000C\174\373\176\337\000\040}{section.1}% 12
\BOOKMARK [2][-]{subsection.1.10}{\376\377\000\040\123\160\136\246\232\154\124\310\142\311\145\275\162\171\142\311\220\246\124\057\122\250\221\317\133\120\142\200\147\057\142\200\200\375\123\321\134\125\213\241\122\022\377\014\131\032\145\271\147\072\147\204\123\302\116\016\121\161\136\372\000\040}{section.1}% 13
\BOOKMARK [2][-]{subsection.1.11}{\376\377\000\040\121\113\203\261\131\306\150\356\131\047\133\146\203\267\0006\0005\116\007\177\216\121\103\215\104\122\251\377\014\145\057\143\001\142\123\220\040\123\357\142\151\134\125\221\317\133\120\213\241\173\227\174\373\176\337\133\236\232\214\133\244\000\040}{section.1}% 14
\BOOKMARK [2][-]{subsection.1.12}{\376\377\000\040\117\012\122\051\213\372\117\012\123\153\145\257\164\006\131\047\133\146\142\020\172\313\121\150\177\216\231\226\116\052\147\054\171\321\215\350\133\146\171\321\221\317\133\120\116\055\137\303\000\040}{section.1}% 15
\BOOKMARK [2][-]{subsection.1.13}{\376\377\000\040\116\003\126\375\226\306\126\342\213\146\124\112\221\317\133\120\230\316\226\151\377\032\221\321\207\215\133\211\121\150\227\142\116\064\123\330\227\151\377\014\124\016\221\317\133\120\133\306\170\001\142\020\121\163\225\056\226\062\176\277\000\040}{section.1}% 16
\BOOKMARK [1][-]{section.2}{\376\377\171\321\142\200\122\115\154\277}{}% 17
\BOOKMARK [2][-]{subsection.2.1}{\376\377\000\040\000X\000a\000n\000a\000d\000u\221\317\133\120\142\200\147\057\121\154\123\370\133\243\136\003\000Q\000R\000O\000M\173\227\154\325\172\201\170\064\377\014\123\357\134\006\000T\000o\000f\000f\000o\000l\000i\225\350\145\160\221\317\121\317\123\112\000\040}{section.2}% 18
\BOOKMARK [2][-]{subsection.2.2}{\376\377\000\040\000I\000n\000f\000l\000e\000q\000t\000i\000o\000n\121\154\136\003\131\032\230\171\221\317\133\120\213\241\173\227\170\024\172\166\217\333\134\125\377\014\143\001\176\355\143\250\217\333\121\166\133\236\165\050\176\247\133\271\225\031\221\317\133\120\213\241\173\227\215\357\176\277\000\040}{section.2}% 19
\BOOKMARK [2][-]{subsection.2.3}{\376\377\000\040\116\055\126\375\171\321\131\047\133\236\163\260\170\263\123\026\170\105\154\047\000-\172\172\117\115\202\162\137\303\166\204\232\330\145\110\122\066\131\007\116\016\176\323\147\204\213\306\122\053\000\040}{section.2}% 20
\BOOKMARK [2][-]{subsection.2.4}{\376\377\000\040\123\112\133\374\117\123\121\103\116\366\165\114\227\142\135\345\172\013\133\236\163\260\145\340\165\065\123\213\221\317\133\120\165\065\133\120\140\001\123\314\124\021\214\003\143\247\000\040}{section.2}% 21
\BOOKMARK [2][-]{subsection.2.5}{\376\377\000\040\131\015\145\346\131\047\133\146\124\150\155\013\213\376\230\230\176\304\143\355\171\072\221\317\133\120\127\072\213\272\116\055\040\034\177\072\226\167\040\035\133\371\127\372\140\001\200\375\221\317\116\016\176\240\177\040\176\323\147\204\166\204\146\156\220\002\215\041\163\056\000\040}{section.2}% 22
\BOOKMARK [2][-]{subsection.2.6}{\376\377\000\040\000U\000C\000S\000B\171\321\133\146\133\266\231\226\153\041\127\050\142\155\146\362\116\214\170\122\123\026\224\250\215\205\146\166\150\074\116\055\211\302\155\113\122\060\131\107\137\002\166\204\116\055\140\047\165\065\203\167\121\306\174\222\133\120\000\040}{section.2}% 23
\BOOKMARK [2][-]{subsection.2.7}{\376\377\000\040\137\267\175\057\145\257\230\177\135\345\116\032\131\047\133\146\153\143\137\017\124\057\165\050\116\044\116\052\145\260\170\024\172\166\133\236\232\214\133\244\000\040\123\005\142\354\116\000\116\052\221\317\133\120\133\236\232\214\133\244\000\040}{section.2}% 24
\BOOKMARK [2][-]{subsection.2.8}{\376\377\000\040\221\317\133\120\213\241\173\227\147\072\166\204\200\375\156\220\145\110\163\207\000\040}{section.2}% 25
\BOOKMARK [2][-]{subsection.2.9}{\376\377\000\040\000B\000N\000B\000\040\000C\000h\000a\000i\000n\133\214\142\020\122\240\133\306\127\372\170\100\213\276\145\275\123\107\176\247\377\014\137\025\121\145\124\016\221\317\133\120\133\306\170\001\142\265\137\241\221\317\133\120\213\241\173\227\132\001\200\301\000\040}{section.2}% 26
\BOOKMARK [2][-]{subsection.2.10}{\376\377\000\040\227\351\126\375\200\124\124\010\170\024\172\166\126\342\226\037\137\000\123\321\145\260\127\213\221\317\133\120\121\111\156\220\000\040\133\244\156\051\116\013\123\357\123\321\134\004\146\016\116\256\121\111\117\341\123\367\000\040}{section.2}% 27
\BOOKMARK [1][-]{section.3}{\376\377\116\247\124\301\122\250\140\001}{}% 28
\BOOKMARK [2][-]{subsection.3.1}{\376\377\000\040\000K\000i\000p\000u\000\040\000Q\000u\000a\000n\000t\000u\000m\123\321\136\003\145\260\221\317\133\120\000-\176\317\121\170\155\367\124\010\150\106\147\266\377\014\143\250\122\250\147\072\126\150\133\146\116\140\152\041\127\213\133\236\163\260\117\001\116\032\176\247\220\350\177\162\000\040}{section.3}% 29
\BOOKMARK [2][-]{subsection.3.2}{\376\377\000\040\116\055\126\375\171\373\122\250\226\306\126\342\133\306\226\306\220\040\213\277\116\055\171\321\221\167\123\237\377\014\155\361\123\026\221\317\133\120\124\010\117\134\377\014\124\014\173\121\173\227\122\233\147\052\147\145\000\040}{section.3}% 30
\BOOKMARK [2][-]{subsection.3.3}{\376\377\000\040\000P\000s\000i\000Q\000u\000a\000n\000t\000u\000m\127\050\146\006\130\353\121\160\135\336\143\250\217\333\121\150\164\003\231\226\123\360\133\236\165\050\176\247\221\317\133\120\213\241\173\227\147\072\230\171\166\356\136\372\213\276\000\040}{section.3}% 31
\BOOKMARK [2][-]{subsection.3.4}{\376\377\000\040\141\017\131\047\122\051\165\065\117\341\217\320\204\045\125\106\000S\000p\000a\000r\000k\000l\000e\120\037\122\251\000E\000q\000u\000i\000n\000i\000x\142\151\134\125\221\317\133\120\133\211\121\150\217\336\143\245\200\375\122\233\000\040}{section.3}% 32
\BOOKMARK [2][-]{subsection.3.5}{\376\377\000\040\000Q\000u\000a\000n\000t\000u\000m\000\040\000X\000\040\000L\000a\000b\000s\142\020\122\237\134\006\214\067\153\114\121\154\137\000\166\204\210\150\227\142\170\001\145\160\143\156\226\306\226\306\142\020\122\060\121\166\221\317\133\120\176\240\225\031\217\154\143\142\126\150\116\055\000\040}{section.3}% 33
\BOOKMARK [2][-]{subsection.3.6}{\376\377\000\040\116\034\202\235\116\016\000Q\000u\000a\000n\000t\000u\000m\000\040\000B\000r\000i\000d\000g\000e\142\020\122\237\157\024\171\072\127\372\116\216\000Q\000K\000D\142\200\147\057\166\204\121\150\164\003\221\317\133\120\133\211\121\150\177\121\176\334\200\375\122\233\000\040}{section.3}% 34
\BOOKMARK [2][-]{subsection.3.7}{\376\377\000\040\000I\000B\000M\142\225\215\104\0001\0000\116\277\177\216\121\103\000+\0001\0000\116\277\000C\000H\000I\000P\000S\210\145\215\064\377\014\142\020\172\313\116\023\154\350\116\216\221\317\133\120\146\166\127\006\122\066\220\040\166\204\000A\000n\000d\000e\000r\000o\000n\121\154\123\370\000\040}{section.3}% 35
\BOOKMARK [2][-]{subsection.3.8}{\376\377\000\040\164\136\121\170\171\321\133\146\133\266\137\000\123\321\166\204\145\260\127\213\202\257\162\107\123\357\152\041\142\337\221\317\133\120\174\373\176\337\116\016\124\150\126\364\163\257\130\203\166\204\116\244\116\222\210\114\116\072\000\040}{section.3}% 36
\BOOKMARK [2][-]{subsection.3.9}{\376\377\000\040\000M\000A\000Q\000C\000S\230\171\166\356\134\006\133\236\163\260\0001\0000\0000\0000\221\317\133\120\153\324\162\171\116\055\140\047\123\237\133\120\213\241\173\227\147\072\116\016\000H\000P\000C\213\276\145\275\226\306\142\020\000\040}{section.3}% 37
\BOOKMARK [2][-]{subsection.3.10}{\376\377\000\040\211\177\163\355\162\131\000B\000S\000C\000-\000C\000N\000S\215\205\173\227\116\055\137\303\135\362\220\350\177\162\136\166\226\306\142\020\116\000\147\232\0003\0005\221\317\133\120\153\324\162\171\215\205\133\374\221\317\133\120\202\257\162\107\000\040}{section.3}% 38
\BOOKMARK [2][-]{subsection.3.11}{\376\377\000\040\000T\000e\000r\000r\000a\000\040\000Q\000u\000a\000n\000t\000u\000m\127\050\232\154\200\063\116\326\163\260\147\011\165\065\117\341\177\121\176\334\116\055\142\020\122\237\220\350\177\162\121\166\221\317\133\120\133\306\224\245\122\006\123\321\174\373\176\337\000\040}{section.3}% 39
\BOOKMARK [2][-]{subsection.3.12}{\376\377\000\040\145\345\147\054\170\024\172\166\116\272\124\130\122\051\165\050\123\315\224\301\170\301\147\120\145\231\137\000\123\321\121\372\227\136\146\023\131\061\140\047\221\317\133\120\137\000\121\163\126\150\116\366\000\040}{section.3}% 40
\BOOKMARK [2][-]{subsection.3.13}{\376\377\000\040\137\267\126\375\171\321\133\146\133\266\127\050\127\372\116\216\123\112\133\374\117\123\221\317\133\120\160\271\166\204\221\317\133\120\121\111\156\220\170\024\172\166\145\271\227\142\123\326\137\227\221\315\211\201\217\333\134\125\000\040}{section.3}% 41
\BOOKMARK [2][-]{subsection.3.14}{\376\377\000\040\121\150\164\003\231\226\117\213\377\032\000I\000m\000e\000c\134\125\171\072\221\307\165\050\232\330\145\160\120\074\133\124\137\204\147\201\175\053\131\026\121\111\122\073\142\200\147\057\166\204\221\317\133\120\160\271\221\317\133\120\153\324\162\171\126\150\116\366\000\040}{section.3}% 42
\BOOKMARK [2][-]{subsection.3.15}{\376\377\000\040\211\177\220\350\145\160\143\156\143\250\121\372\127\372\116\216\124\016\221\317\133\120\133\306\170\001\133\146\142\200\147\057\166\204\123\107\176\247\162\110\000U\000l\000t\000r\000a\000s\000t\000a\000r\170\154\166\330\000\040}{section.3}% 43
\BOOKMARK [2][-]{subsection.3.16}{\376\377\000\040\227\351\126\375\165\065\117\341\000K\000T\133\243\136\003\116\312\136\164\124\057\122\250\124\016\221\317\133\120\133\306\170\001\213\325\160\271\217\301\171\373\377\014\134\006\136\224\165\050\116\216\121\163\225\056\126\375\226\062\174\373\176\337\000\040}{section.3}% 44
\BOOKMARK [2][-]{subsection.3.17}{\376\377\000\040\000Q\000.\000A\000N\000T\127\050\116\272\135\345\146\172\200\375\165\065\122\233\227\000\154\102\157\300\130\236\116\113\226\105\377\014\134\006\121\111\133\120\000A\000I\213\241\173\227\143\250\124\021\125\106\116\032\123\026\000\040}{section.3}% 45
\BOOKMARK [2][-]{subsection.3.18}{\376\377\000\040\133\314\130\353\220\032\116\016\116\034\116\254\171\321\133\146\131\047\133\146\213\276\172\313\200\124\124\010\170\024\172\166\127\372\127\060\377\014\143\250\217\333\221\317\133\120\170\154\116\366\170\024\123\321\116\016\116\272\142\115\127\371\121\173\000\040}{section.3}% 46
\BOOKMARK [2][-]{subsection.3.19}{\376\377\000\040\000I\000n\000f\000l\000e\000q\000t\000i\000o\000n\142\245\124\112\0002\0000\0002\0006\136\164\173\054\116\000\133\143\136\246\204\045\145\066\122\033\176\252\137\125\377\014\133\242\142\067\227\000\154\102\122\240\220\037\130\236\225\177\000\040}{section.3}% 47
\BOOKMARK [2][-]{subsection.3.20}{\376\377\000\040\171\321\133\146\133\266\143\317\176\330\121\372\123\357\123\330\227\151\213\241\173\227\142\200\147\057\166\204\147\120\145\231\123\321\134\125\215\357\176\277\126\376\000\040}{section.3}% 48
\BOOKMARK [2][-]{subsection.3.21}{\376\377\000\040\213\251\040\034\121\111\040\035\217\173\147\176\133\214\142\020\213\241\173\227\116\373\122\241\000\040}{section.3}% 49
\BOOKMARK [2][-]{subsection.3.22}{\376\377\000\040\227\351\126\375\171\321\133\146\133\266\122\051\165\050\116\214\176\364\123\112\133\374\117\123\127\050\133\244\156\051\116\013\133\236\163\260\146\016\116\256\221\317\133\120\121\111\123\321\134\004\000\040}{section.3}% 50
\BOOKMARK [2][-]{subsection.3.23}{\376\377\000\040\221\317\133\120\142\227\140\047\177\121\176\334\377\032\123\237\213\355\060\001\123\117\213\256\116\016\147\000\117\163\133\236\215\365\176\374\217\360\000\040}{section.3}% 51
\BOOKMARK [2][-]{subsection.3.24}{\376\377\000\040\154\231\162\171\226\077\177\216\116\016\000P\000a\000s\000q\000a\000l\124\010\117\134\124\057\165\050\154\231\162\171\231\226\123\360\221\317\133\120\213\241\173\227\147\072\000\040\136\166\143\250\121\372\116\055\116\034\231\226\116\052\000Q\000C\000a\000a\000S\136\163\123\360\000\040}{section.3}% 52
\BOOKMARK [2][-]{subsection.3.25}{\376\377\000\040\000S\000i\000t\000e\000h\000o\000p\143\250\121\372\175\047\121\321\127\213\124\016\221\317\133\120\122\240\133\306\213\276\131\007\377\014\133\210\142\244\135\345\116\032\116\016\200\375\156\220\177\121\176\334\133\211\121\150\000\040}{section.3}% 53
\BOOKMARK [1][-]{section.4}{\376\377\117\001\116\032\215\104\213\257}{}% 54
\BOOKMARK [2][-]{subsection.4.1}{\376\377\000\040\000E\000u\000r\000o\000f\000i\000b\000e\000r\116\016\000C\000o\000l\000t\121\355\120\037\221\317\133\120\133\306\224\245\122\006\123\321\122\033\145\260\203\143\203\267\000L\000C\000L\217\320\204\045\125\106\171\076\123\072\131\126\000\040}{section.4}% 55
\BOOKMARK [2][-]{subsection.4.2}{\376\377\000\040\000D\000i\000r\000a\000q\134\006\203\267\177\216\126\375\125\106\122\241\220\350\147\000\232\330\0003\0008\0000\0000\116\007\177\216\121\103\215\104\221\321\145\057\143\001\377\014\122\240\220\037\143\250\217\333\170\105\127\372\221\317\133\120\202\257\162\107\211\304\152\041\123\026\000\040}{section.4}% 56
\BOOKMARK [2][-]{subsection.4.3}{\376\377\000\040\116\011\116\225\117\117\123\313\224\366\210\114\116\016\116\034\202\235\121\154\123\370\124\010\117\134\137\000\123\321\121\372\127\372\116\216\121\110\217\333\221\317\133\120\232\161\122\250\142\200\147\057\166\204\145\260\200\241\171\150\143\007\145\160\000\040}{section.4}% 57
\BOOKMARK [2][-]{subsection.4.4}{\376\377\000\040\000Q\000u\000a\000n\000t\000u\000m\000\040\000B\000r\000i\000d\000g\000e\203\267\137\227\0008\0000\0000\116\007\177\216\121\103\207\215\215\104\377\014\165\050\116\216\122\240\126\372\121\150\164\003\177\121\176\334\116\345\142\265\137\241\221\317\133\120\132\001\200\301\000\040}{section.4}% 58
\BOOKMARK [2][-]{subsection.4.5}{\376\377\000\040\000Q\000u\000a\000n\000t\000u\000m\000\040\000e\000M\000o\000t\000i\000o\000n\116\016\000J\000M\000E\000M\173\176\177\162\200\124\166\337\123\117\213\256\377\014\124\057\122\250\124\016\221\317\133\120\133\211\121\150\202\257\162\107\124\010\117\134\145\260\226\066\153\265\000\040}{section.4}% 59
\BOOKMARK [1][-]{section.5}{\376\377\215\104\147\054\217\320\117\134}{}% 60
\BOOKMARK [2][-]{subsection.5.1}{\376\377\000\040\177\216\126\375\125\106\122\241\220\350\142\337\124\021\000I\000n\000f\000l\000e\000q\000t\000i\000o\000n\215\104\122\251\147\000\232\330\0001\116\277\177\216\121\103\377\014\116\345\143\250\122\250\116\055\140\047\123\237\133\120\221\317\133\120\174\373\176\337\170\024\123\321\000\040}{section.5}% 61
\BOOKMARK [2][-]{subsection.5.2}{\376\377\000\040\121\111\221\317\133\120\213\241\173\227\121\154\123\370\000X\000a\000n\000a\000d\000u\116\016\000Y\000o\000r\000k\000v\000i\000l\000l\000e\217\276\142\020\0003\116\277\177\216\121\103\200\241\147\103\207\215\215\104\213\241\122\022\000\040}{section.5}% 62
\BOOKMARK [2][-]{subsection.5.3}{\376\377\000\040\153\047\155\062\124\057\122\250\000T\000r\000a\000n\000s\000E\000u\000r\000o\000O\000G\000S\230\171\166\356\377\014\134\006\127\050\153\047\166\337\142\020\124\130\126\375\225\364\136\372\213\276\121\111\133\146\127\060\227\142\172\331\177\121\176\334\000\040}{section.5}% 63
\BOOKMARK [2][-]{subsection.5.4}{\376\377\000\040\221\317\133\120\213\241\173\227\121\154\123\370\000N\000o\000r\000d\000\040\000Q\000u\000a\000n\000t\000i\000q\000u\000e\203\267\0003\0000\0000\0000\116\007\177\216\121\103\207\215\215\104\377\014\117\060\120\074\176\246\0001\0004\116\277\177\216\121\103\000\040}{section.5}% 64
