\BOOKMARK [1][-]{Doc-Start}{\376\377\144\130\211\201}{}% 1
\BOOKMARK [1][-]{Doc-Start}{\376\377\000\040\0006\147\010\221\317\133\120\171\321\142\200\210\114\116\032\126\375\121\205\060\001\126\375\226\105\117\032\213\256}{}% 2
\BOOKMARK [1][-]{section.1}{\376\377\133\217\211\302\140\001\122\277}{}% 3
\BOOKMARK [2][-]{subsection.1.1}{\376\377\000\040\177\216\162\171\147\027\146\156\145\077\136\234\121\372\215\104\0002\0000\116\277\121\145\200\241\0009\133\266\221\317\133\120\117\001\116\032}{section.1}% 4
\BOOKMARK [2][-]{subsection.1.2}{\376\377\000\040\137\267\126\375\145\077\136\234\123\321\136\003\145\260\162\110\221\317\133\120\215\357\176\277\126\376\377\032\116\316\170\024\123\321\217\154\124\021\116\247\116\032\211\304\152\041\123\026\000\040}{section.1}% 5
\BOOKMARK [2][-]{subsection.1.3}{\376\377\000\040\177\127\232\154\134\074\116\232\134\006\142\225\215\104\215\205\0001\116\277\153\047\121\103\220\350\177\162\213\345\126\375\231\226\123\360\221\317\133\120\213\241\173\227\147\072\000\040}{section.1}% 6
\BOOKMARK [2][-]{subsection.1.4}{\376\377\000\040\145\260\122\240\127\141\121\372\123\360\116\000\174\373\122\027\145\260\116\076\143\252\377\014\122\251\122\233\117\001\116\032\136\224\133\371\000A\000I\227\151\124\175\116\016\221\317\133\120\132\001\200\301\123\314\221\315\143\021\142\030\000\040}{section.1}% 7
\BOOKMARK [2][-]{subsection.1.5}{\376\377\000\040\154\325\126\375\221\315\221\321\142\274\154\350\147\052\147\145\377\032\232\154\121\113\237\231\133\243\136\003\217\375\122\240\0001\0000\116\277\153\047\121\103\123\321\134\125\221\317\133\120\142\200\147\057\000\040}{section.1}% 8
\BOOKMARK [2][-]{subsection.1.6}{\376\377\000\040\177\216\126\375\117\012\122\051\213\372\117\012\135\336\123\321\136\003\213\345\135\336\231\226\116\375\221\317\133\120\145\131\200\262\121\150\146\157\142\245\124\112\000\040}{section.1}% 9
\BOOKMARK [2][-]{subsection.1.7}{\376\377\000\040\135\364\211\177\143\250\217\333\000Q\000u\000a\000n\000d\000a\000n\000g\000a\221\317\133\120\220\032\117\341\177\121\176\334\230\171\166\356\377\014\134\006\136\372\231\226\116\052\154\070\116\105\140\047\133\236\232\214\127\372\170\100\213\276\145\275\000\040}{section.1}% 10
\BOOKMARK [1][-]{section.2}{\376\377\171\321\142\200\122\115\154\277}{}% 11
\BOOKMARK [2][-]{subsection.2.1}{\376\377\000\040\171\321\133\146\133\266\127\050\117\030\123\026\215\205\133\374\147\120\145\231\145\271\227\142\123\326\137\227\217\333\134\125\377\014\145\260\127\213\177\072\226\167\213\306\122\053\134\006\122\251\122\233\137\000\123\321\146\364\117\116\126\152\130\360\221\317\133\120\126\150\116\366\000\040}{section.2}% 12
\BOOKMARK [2][-]{subsection.2.2}{\376\377\000\040\171\321\133\146\133\266\134\006\123\125\116\052\123\237\133\120\040\034\224\211\040\035\127\050\121\111\133\120\214\020\143\057\126\150\145\301\377\014\142\020\122\237\211\343\121\263\116\055\140\047\123\237\133\120\116\016\226\306\142\020\121\111\133\120\133\146\166\370\176\323\124\010\226\276\230\230\000\040}{section.2}% 13
\BOOKMARK [2][-]{subsection.2.3}{\376\377\000\040\203\253\176\263\116\300\131\047\133\146\137\000\123\321\166\204\176\263\174\163\165\065\215\357\123\357\127\050\123\125\116\000\202\257\162\107\116\012\133\236\163\260\121\111\117\341\140\157\165\037\142\020\060\001\137\025\133\374\116\016\213\373\123\326\000\040}{section.2}% 14
\BOOKMARK [2][-]{subsection.2.4}{\376\377\000\040\177\216\126\375\171\321\133\146\133\266\137\000\123\321\166\204\145\260\127\213\130\360\133\146\126\150\116\366\123\357\173\200\123\026\221\317\133\120\117\040\141\037\126\150\213\276\213\241\000\040}{section.2}% 15
\BOOKMARK [2][-]{subsection.2.5}{\376\377\000\040\123\027\116\254\221\317\133\120\226\142\170\024\172\166\126\342\226\037\122\051\165\050\165\037\142\020\137\017\000A\000I\133\236\163\260\217\336\176\355\123\237\165\037\225\350\221\317\133\120\176\277\215\357\166\204\155\367\124\010\142\151\145\143\000-\117\030\123\026\124\010\142\020\000\040}{section.2}% 16
\BOOKMARK [2][-]{subsection.2.6}{\376\377\000\040\155\131\154\137\131\047\133\146\221\317\133\120\162\151\140\001\116\016\126\150\116\366\170\024\172\166\116\055\137\303\377\032\200\027\145\143\130\121\220\040\124\315\136\224\000\040}{section.2}% 17
\BOOKMARK [2][-]{subsection.2.7}{\376\377\000\040\123\127\116\254\131\047\133\146\220\271\153\043\146\124\124\214\172\013\136\372\146\045\213\376\230\230\176\304\133\236\163\260\217\150\220\123\213\361\133\374\166\204\116\011\176\364\041\044\122\006\174\173\232\330\226\066\142\323\142\121\176\335\177\030\117\123\000\040}{section.2}% 18
\BOOKMARK [2][-]{subsection.2.8}{\376\377\000\040\146\156\147\227\145\257\230\177\131\047\133\146\143\250\121\372\000A\000I\147\072\126\150\116\272\133\236\232\214\133\244\174\373\176\337\123\357\133\236\163\260\167\363\130\250\160\357\116\016\221\317\133\120\147\120\145\231\201\352\116\073\122\066\131\007\000\040}{section.2}% 19
\BOOKMARK [2][-]{subsection.2.9}{\376\377\000\040\000Q\000u\000a\000n\000t\000u\000m\000\040\000M\000i\000d\000i\000\040\000P\000o\000s\000s\000e\127\050\000I\000B\000M\170\154\116\366\116\012\133\214\142\020\116\000\230\171\127\372\121\306\155\113\213\325\377\014\142\020\122\237\232\214\213\301\121\166\000Q\000S\000C\000E\150\106\147\266\000\040}{section.2}% 20
\BOOKMARK [2][-]{subsection.2.10}{\376\377\000\040\116\316\226\234\170\215\122\060\215\104\156\220\377\032\123\141\134\024\145\257\234\201\123\204\164\006\135\345\133\146\226\142\231\226\153\041\133\236\163\260\133\371\215\205\133\374\117\123\170\301\155\241\145\313\217\333\210\114\221\317\133\120\143\247\122\066\000\040}{section.2}% 21
\BOOKMARK [2][-]{subsection.2.11}{\376\377\000\040\170\024\172\166\116\272\124\130\122\051\165\050\176\317\121\170\213\241\173\227\147\072\142\020\122\237\154\102\211\343\210\253\213\244\116\072\116\015\123\357\200\375\133\214\142\020\166\204\131\015\147\102\221\317\133\120\162\151\164\006\225\356\230\230\000\040}{section.2}% 22
\BOOKMARK [2][-]{subsection.2.12}{\376\377\000\040\000O\000I\000S\000T\145\260\170\024\172\166\221\315\145\260\133\232\116\111\201\352\145\313\163\273\164\203\377\014\116\072\221\317\133\120\201\352\145\313\155\262\117\123\143\320\117\233\116\206\146\364\172\063\120\145\170\024\172\166\215\357\137\204\000\040}{section.2}% 23
\BOOKMARK [2][-]{subsection.2.13}{\376\377\000\040\137\267\126\375\171\321\133\146\133\266\142\020\122\237\133\236\163\260\133\371\147\011\147\072\122\006\133\120\217\333\210\114\123\125\122\006\133\120\176\247\166\204\221\317\133\120\214\003\143\247\000\040}{section.2}% 24
\BOOKMARK [2][-]{subsection.2.14}{\376\377\000\040\000W\000I\000S\000E\000R\116\016\137\027\122\263\140\151\227\015\131\053\166\204\145\260\200\124\124\010\170\024\172\166\143\242\175\042\116\206\221\317\133\120\147\072\126\150\133\146\116\140\127\050\137\002\136\070\150\300\155\113\116\055\166\204\136\224\165\050\000\040}{section.2}% 25
\BOOKMARK [2][-]{subsection.2.15}{\376\377\000\040\171\321\133\146\133\266\123\026\226\234\170\215\116\072\122\051\126\150\377\032\145\143\134\004\116\313\215\050\123\357\123\330\216\253\116\072\221\317\133\120\117\341\140\157\133\211\121\150\117\040\217\223\145\260\176\304\116\366\000\040}{section.2}% 26
\BOOKMARK [2][-]{subsection.2.16}{\376\377\000\040\221\321\122\032\167\363\215\205\133\374\147\072\122\066\203\267\145\260\211\343\377\032\177\216\170\024\172\166\116\272\124\130\116\072\137\000\123\321\131\032\122\237\200\375\221\317\133\120\202\257\162\107\131\140\133\232\116\206\127\372\170\100\000\040}{section.2}% 27
\BOOKMARK [2][-]{subsection.2.17}{\376\377\000\040\123\116\116\034\136\010\131\047\126\342\226\037\060\012\201\352\161\066\060\013\123\321\145\207\377\032\221\317\133\120\130\236\137\072\165\065\133\120\226\247\172\177\000\040}{section.2}% 28
\BOOKMARK [2][-]{subsection.2.18}{\376\377\000\040\116\055\126\375\171\321\131\047\123\321\163\260\225\115\127\372\232\330\156\051\215\205\133\374\147\072\122\066\166\204\221\315\211\201\133\236\232\214\213\301\143\156\000\040}{section.2}% 29
\BOOKMARK [2][-]{subsection.2.19}{\376\377\000\040\154\325\126\375\126\342\226\037\172\201\170\064\140\047\170\024\172\166\377\032\122\051\165\050\221\317\133\120\176\240\177\040\133\236\163\260\116\015\220\017\146\016\116\313\215\050\220\017\146\016\123\026\000\040}{section.2}% 30
\BOOKMARK [2][-]{subsection.2.20}{\376\377\000\040\000P\000a\000s\000q\000a\000l\231\226\153\041\127\050\167\037\133\236\221\317\133\120\131\004\164\006\126\150\116\012\232\214\213\301\220\073\217\221\221\317\133\120\153\324\162\171\211\201\146\076\204\127\117\030\116\216\117\040\176\337\145\271\154\325\000\040}{section.2}% 31
\BOOKMARK [2][-]{subsection.2.21}{\376\377\000\040\221\317\133\120\213\241\173\227\121\110\232\161\000S\000e\000t\000h\000\040\000L\000l\000o\000y\000d\122\240\121\145\000P\000l\000a\000n\000c\000k\000i\000a\000n\377\014\122\251\122\233\121\166\121\150\134\100\143\247\122\066\221\317\133\120\176\240\225\031\173\126\165\145\170\024\123\321\000\040}{section.2}% 32
\BOOKMARK [2][-]{subsection.2.22}{\376\377\000\040\123\027\116\254\221\317\133\120\226\142\126\342\226\037\143\320\121\372\000Z\000A\000P\145\271\150\110\377\014\123\357\170\064\211\343\116\055\140\047\123\237\133\120\221\317\133\120\202\257\162\107\123\237\133\120\144\054\217\320\116\016\116\062\142\160\143\247\122\066\173\111\226\276\230\230\000\040}{section.2}% 33
\BOOKMARK [1][-]{section.3}{\376\377\116\247\124\301\122\250\140\001}{}% 34
\BOOKMARK [2][-]{subsection.3.1}{\376\377\000\040\000Q\000u\000a\000n\000t\000u\000m\000\040\000M\000a\000c\000h\000i\000n\000e\000s\133\236\163\260\0007\131\051\121\267\124\057\122\250\000R\000i\000g\000e\000t\000t\000i\221\317\133\120\131\004\164\006\126\150\377\014\116\024\140\047\200\375\217\276\122\060\133\230\145\271\214\003\143\247\154\064\136\163\000\040}{section.3}% 35
\BOOKMARK [2][-]{subsection.3.2}{\376\377\000\040\000Q\000u\000b\000i\000c\116\016\000Q\000u\000a\000n\000t\000u\000m\000\040\000M\000a\000c\000h\000i\000n\000e\000s\173\176\177\162\124\010\124\014\377\014\121\166\117\116\156\051\145\076\131\047\126\150\217\316\147\145\231\226\116\052\133\242\142\067\000\040}{section.3}% 36
\BOOKMARK [2][-]{subsection.3.3}{\376\377\000\040\000G\000l\000o\000b\000a\000l\000P\000l\000a\000t\000f\000o\000r\000m\143\250\121\372\226\306\142\020\116\206\124\016\221\317\133\120\133\306\170\001\142\200\147\057\166\204\137\000\156\220\170\105\202\257\162\107\122\006\123\321\145\271\150\110\000\040}{section.3}% 37
\BOOKMARK [2][-]{subsection.3.4}{\376\377\000\040\000D\000-\000W\000a\000v\000e\203\267\000N\000O\000R\000D\000T\000E\000C\000H\173\054\116\214\136\164\230\171\166\356\215\104\221\321\145\057\143\001\377\014\134\006\143\250\122\250\215\205\133\374\221\317\133\120\153\324\162\171\147\120\145\231\122\066\220\040\123\107\176\247\000\040}{section.3}% 38
\BOOKMARK [2][-]{subsection.3.5}{\376\377\000\040\000O\000R\000C\000A\000\040\000C\000o\000m\000p\000u\000t\000i\000n\000g\116\016\000D\000i\000g\000i\000t\000a\000l\000\040\000R\000e\000a\000l\000t\000y\124\010\117\134\377\014\143\242\175\042\221\317\133\120\122\240\220\037\116\016\000A\000I\127\372\170\100\213\276\145\275\207\215\124\010\000\040}{section.3}% 39
\BOOKMARK [2][-]{subsection.3.6}{\376\377\000\040\000S\000c\000a\000l\000e\000w\000a\000y\116\016\000Q\000b\000i\000t\000S\000o\000f\000t\200\124\142\113\143\250\121\372\153\047\155\062\231\226\116\052\116\221\123\237\165\037\221\317\133\120\221\307\165\050\213\241\122\022\000\040}{section.3}% 40
\BOOKMARK [2][-]{subsection.3.7}{\376\377\000\040\000C\000r\000y\000p\000t\000o\0004\000A\153\143\137\017\123\321\136\003\221\317\133\120\133\211\121\150\133\306\224\245\173\241\164\006\136\163\123\360\000Q\000x\000V\000a\000u\000l\000t\000\040}{section.3}% 41
\BOOKMARK [2][-]{subsection.3.8}{\376\377\000\040\000R\000i\000g\000e\000t\000t\000i\221\307\215\055\162\133\155\045\116\352\126\150\166\204\123\237\133\120\134\102\206\200\122\073\174\373\176\337\377\014\116\345\143\320\123\107\121\166\221\317\133\120\146\166\127\006\123\202\122\066\220\040\200\375\122\233\000\040}{section.3}% 42
\BOOKMARK [2][-]{subsection.3.9}{\376\377\000\040\000A\000e\000g\000i\000q\124\057\165\050\202\361\126\375\145\260\140\073\220\350\377\014\213\241\122\022\142\225\145\160\166\176\116\007\202\361\225\121\142\123\220\040\121\111\133\120\221\317\133\120\213\241\173\227\123\123\215\212\116\055\137\303\000\040}{section.3}% 43
\BOOKMARK [2][-]{subsection.3.10}{\376\377\000\040\000Q\000u\000i\000X\123\321\136\003\121\111\133\120\176\304\210\305\143\247\122\066\123\125\121\103\000\040\123\357\226\115\117\116\121\111\221\317\133\120\174\373\176\337\131\015\147\102\136\246\136\166\143\320\123\107\226\306\142\020\116\016\176\364\142\244\145\110\163\207\000\040}{section.3}% 44
\BOOKMARK [2][-]{subsection.3.11}{\376\377\000\040\000P\000a\000c\000k\000e\000t\000L\000i\000g\000h\000t\144\072\142\113\000Q\000u\000a\000n\000t\000u\000m\000\040\000X\000C\000h\000a\000n\000g\000e\377\014\207\215\124\010\000P\000Q\000C\116\016\000Q\000K\000D\137\072\123\026\121\111\177\121\176\334\133\211\121\150\000\040}{section.3}% 45
\BOOKMARK [2][-]{subsection.3.12}{\376\377\000\040\000S\000u\000p\000e\000r\000p\000o\000s\000i\000t\000i\000o\000n\000s\000\040\000S\000t\000u\000d\000i\000o\143\250\121\372\227\142\124\021\117\001\116\032\166\204\221\317\133\120\147\072\126\150\133\146\116\140\136\163\123\360\000\040}{section.3}% 46
\BOOKMARK [1][-]{section.4}{\376\377\116\023\122\051\122\250\140\001}{}% 47
\BOOKMARK [2][-]{subsection.4.1}{\376\377\000\040\117\116\156\051\163\257\130\203\174\373\176\337\000\040}{section.4}% 48
\BOOKMARK [3][-]{subsubsection.4.1.1}{\376\377\000\040\165\050\116\216\127\050\117\116\156\051\135\345\117\134\156\051\136\246\116\013\144\315\117\134\116\000\176\304\221\317\133\120\153\324\162\171\166\204\174\373\176\337\124\214\145\271\154\325\000\040}{subsection.4.1}% 49
\BOOKMARK [2][-]{subsection.4.2}{\376\377\000\040\215\205\133\374\221\317\133\120\155\113\143\247\142\200\147\057\000\040}{section.4}% 50
\BOOKMARK [3][-]{subsubsection.4.2.1}{\376\377\000\040\221\317\133\120\213\241\173\227\143\247\122\066\210\305\177\156\060\001\221\317\133\120\213\241\173\227\147\072\123\312\221\317\133\120\213\241\173\227\143\247\122\066\145\271\154\325\000\040}{subsection.4.2}% 51
\BOOKMARK [3][-]{subsubsection.4.2.2}{\376\377\000\040\165\050\116\216\221\317\133\120\213\241\173\227\155\113\143\247\166\204\226\306\142\020\156\344\154\342\145\076\131\047\210\305\177\156\000\040}{subsection.4.2}% 52
\BOOKMARK [2][-]{subsection.4.3}{\376\377\000\040\221\317\133\120\217\157\116\366\116\016\173\227\154\325\000\040}{section.4}% 53
\BOOKMARK [3][-]{subsubsection.4.3.1}{\376\377\000\040\133\146\116\140\210\305\177\156\060\001\145\160\143\156\131\004\164\006\210\305\177\156\060\001\123\302\145\160\165\037\142\020\210\305\177\156\060\001\133\146\116\140\145\271\154\325\060\001\145\160\143\156\131\004\164\006\145\271\154\325\124\214\123\302\145\160\165\037\142\020\145\271\154\325\000\040}{subsection.4.3}% 54
\BOOKMARK [3][-]{subsubsection.4.3.2}{\376\377\000\040\221\317\133\120\213\241\173\227\174\373\176\337\116\055\166\204\123\302\221\317\145\076\131\047\000\040}{subsection.4.3}% 55
\BOOKMARK [3][-]{subsubsection.4.3.3}{\376\377\000\040\122\051\165\050\221\317\133\120\176\240\177\040\166\204\131\047\127\213\213\355\212\000\152\041\127\213\000\040}{subsection.4.3}% 56
\BOOKMARK [3][-]{subsubsection.4.3.4}{\376\377\000\040\117\134\116\032\214\003\136\246\172\013\136\217\060\001\117\134\116\032\214\003\136\246\145\271\154\325\124\214\117\341\140\157\131\004\164\006\213\276\131\007\000\040}{subsection.4.3}% 57
\BOOKMARK [3][-]{subsubsection.4.3.5}{\376\377\000\040\221\317\133\120\213\241\173\227\143\247\122\066\210\305\177\156\060\001\221\317\133\120\213\241\173\227\147\072\123\312\221\317\133\120\213\241\173\227\143\247\122\066\145\271\154\325\000\040}{subsection.4.3}% 58
\BOOKMARK [2][-]{subsection.4.4}{\376\377\000\040\221\317\133\120\171\321\142\200\225\177\116\011\211\322\116\247\116\032\122\033\145\260\116\055\137\303\000\040}{section.4}% 59
\BOOKMARK [3][-]{subsubsection.4.4.1}{\376\377\000\040\116\000\171\315\127\072\215\357\123\117\124\014\116\377\167\037\145\271\154\325\060\001\174\373\176\337\060\001\116\313\215\050\123\312\165\065\133\120\213\276\131\007\000\040}{subsection.4.4}% 60
\BOOKMARK [1][-]{section.5}{\376\377\117\001\116\032\215\104\213\257}{}% 61
\BOOKMARK [2][-]{subsection.5.1}{\376\377\000\040\165\062\232\250\145\207\116\016\000C\000l\000a\000s\000s\000i\000q\124\010\117\134\133\214\142\020\165\061\000A\000I\232\161\122\250\166\204\221\317\133\120\116\343\170\001\165\037\142\020\116\016\131\047\211\304\152\041\116\377\167\037\232\214\213\301\000\040}{section.5}% 62
\BOOKMARK [2][-]{subsection.5.2}{\376\377\000\040\000I\000B\000M\000\040\213\241\122\022\145\245\215\104\000\040\0001\0000\0000\000\040\116\277\177\216\121\103\143\250\217\333\221\317\133\120\213\241\173\227}{section.5}% 63
\BOOKMARK [1][-]{section.6}{\376\377\215\104\147\054\217\320\117\134}{}% 64
\BOOKMARK [2][-]{subsection.6.1}{\376\377\000\040\146\374\137\173\145\257\162\171\131\047\133\146\210\115\165\037\121\154\123\370\000I\000m\000p\000e\000r\000a\000g\000e\000n\133\214\142\020\0005\0000\0000\116\007\202\361\225\121\171\315\133\120\217\156\207\215\215\104\000\040}{section.6}% 65
\BOOKMARK [2][-]{subsection.6.2}{\376\377\000\040\000Q\000u\000a\000n\000t\000i\000n\000u\000u\000m\143\320\116\244\000I\000P\000O\165\063\213\367\377\014\117\060\120\074\0001\0002\0007\116\277\177\216\121\103\377\014\213\241\122\022\122\337\215\104\0001\0000\000.\0005\116\277\177\216\121\103\000\040}{section.6}% 66
\BOOKMARK [2][-]{subsection.6.3}{\376\377\000\040\202\254\121\160\221\317\133\120\173\227\154\325\122\035\122\033\121\154\123\370\000Q\000u\000a\000n\000s\000c\000i\000e\000n\000t\133\243\136\003\133\214\142\020\0001\0000\0000\0000\116\007\153\047\121\103\000A\217\156\207\215\215\104\000\040}{section.6}% 67
\BOOKMARK [2][-]{subsection.6.4}{\376\377\000\040\000T\000e\000r\000r\000a\000\040\000Q\000u\000a\000n\000t\000u\000m\134\006\116\345\0003\0005\116\277\177\216\121\103\117\060\120\074\220\032\217\307\000S\000P\000A\000C\145\271\137\017\116\012\136\002\000\040}{section.6}% 68
\BOOKMARK [2][-]{subsection.6.5}{\376\377\000\040\221\317\133\120\142\225\215\104\127\372\221\321\000G\000r\000o\000u\000n\000d\000\040\000S\000t\000a\000t\000e\000\040\000V\000e\000n\000t\000u\000r\000e\000s\134\006\116\000\124\015\142\225\215\104\140\073\166\321\143\320\123\107\116\072\124\010\117\031\116\272\000\040}{section.6}% 69
\BOOKMARK [2][-]{subsection.6.6}{\376\377\000\040\122\240\142\377\131\047\215\104\122\251\0005\0005\0005\116\007\122\240\121\103\123\321\215\167\116\044\230\171\221\317\133\120\143\021\142\030\377\014\200\132\161\046\123\027\147\201\121\111\133\146\127\060\227\142\172\331\116\016\217\334\215\335\171\273\221\317\133\120\116\055\176\347\000\040}{section.6}% 70
\BOOKMARK [2][-]{subsection.6.7}{\376\377\000\040\000A\000r\000q\000i\000t\121\154\136\003\145\260\215\042\122\241\116\032\176\351\377\032\204\045\145\066\116\305\0006\0002\000.\0003\116\007\177\216\121\103\377\014\147\010\127\107\217\320\204\045\145\057\121\372\226\115\201\363\0002\0006\0000\116\007\000\040}{section.6}% 71
\BOOKMARK [2][-]{subsection.6.8}{\376\377\000\040\000P\000a\000s\000q\000a\000l\135\362\116\016\162\171\153\212\166\356\166\204\145\066\215\055\121\154\123\370\200\124\124\010\124\021\177\216\126\375\213\301\122\070\116\244\146\023\131\324\124\130\117\032\143\320\116\244\000F\000-\0004\210\150\150\074\154\350\121\214\130\360\146\016\000\040}{section.6}% 72
\BOOKMARK [2][-]{subsection.6.9}{\376\377\000\040\000S\000B\000Q\000u\000a\000n\000t\000u\000m\203\267\0004\0000\0000\116\007\122\240\121\103\171\315\133\120\217\156\207\215\215\104\377\014\122\240\220\037\221\321\122\032\167\363\221\317\133\120\170\301\122\233\213\241\125\106\116\032\123\026\000\040}{section.6}% 73
\BOOKMARK [2][-]{subsection.6.10}{\376\377\000\040\215\205\133\374\221\317\133\120\145\164\147\072\170\024\123\321\117\001\116\032\116\012\155\167\167\351\221\317\121\111\124\057\203\267\0002\116\277\121\103\131\051\117\177\217\156\207\215\215\104\000\040}{section.6}% 74
\BOOKMARK [2][-]{subsection.6.11}{\376\377\000\040\202\361\126\375\221\317\133\120\213\241\173\227\122\035\122\033\121\154\123\370\000U\000n\000i\000v\000e\000r\000s\000a\000l\000\040\000Q\000u\000a\000n\000t\000u\000m\123\327\122\060\131\032\133\266\000S\000P\000A\000C\121\154\123\370\121\163\154\350\000\040}{section.6}% 75
\BOOKMARK [2][-]{subsection.6.12}{\376\377\000\040\154\325\126\375\221\317\133\120\213\241\173\227\122\035\122\033\121\154\123\370\000A\000l\000i\000c\000e\000\040\000\046\000\040\000B\000o\000b\203\267\137\227\202\361\117\037\217\276\230\316\142\225\220\350\225\350\142\225\215\104\000\040}{section.6}% 76
