\BOOKMARK [1][-]{Doc-Start}{\376\377\144\130\211\201}{}% 1
\BOOKMARK [1][-]{Doc-Start}{\376\377\000\040\0006\147\010\221\317\133\120\171\321\142\200\210\114\116\032\126\375\121\205\060\001\126\375\226\105\117\032\213\256}{}% 2
\BOOKMARK [1][-]{section.1}{\376\377\133\217\211\302\140\001\122\277}{}% 3
\BOOKMARK [2][-]{subsection.1.1}{\376\377\000\040\211\177\133\211\165\065\133\120\171\321\142\200\131\047\133\146\221\317\133\120\171\321\142\200\116\244\123\311\170\024\172\166\226\142\116\216\145\345\122\115\142\020\172\313\000\040}{section.1}% 4
\BOOKMARK [2][-]{subsection.1.2}{\376\377\000\040\153\047\166\337\221\317\133\120\145\327\202\060\213\241\122\022\134\006\116\216\0006\147\010\124\057\122\250\174\373\122\027\170\024\213\250\117\032\377\014\200\132\161\046\116\224\131\047\215\357\176\277\126\376\000\040}{section.1}% 5
\BOOKMARK [2][-]{subsection.1.3}{\376\377\000\040\153\047\166\337\124\057\122\250\121\154\137\000\124\250\213\342\116\345\211\304\122\022\153\047\155\062\221\317\133\120\220\032\117\341\127\372\170\100\213\276\145\275\000E\000u\000r\000o\000Q\000C\000I\166\204\147\052\147\145\000\040}{section.1}% 6
\BOOKMARK [2][-]{subsection.1.4}{\376\377\000\040\000C\000S\000I\000R\000O\116\016\124\010\117\134\200\005\200\124\124\010\123\321\136\003\221\317\133\120\213\241\173\227\215\113\200\375\200\375\156\220\174\373\176\337\173\241\164\006\215\357\176\277\126\376\000\040}{section.1}% 7
\BOOKMARK [2][-]{subsection.1.5}{\376\377\000\040\000A\000I\000S\000A\213\146\124\112\377\032\145\077\136\234\124\214\121\163\225\056\127\372\170\100\213\276\145\275\176\304\176\307\116\045\221\315\117\116\117\060\221\317\133\120\213\241\173\227\136\046\147\145\166\204\177\121\176\334\133\211\121\150\230\316\226\151\000\040}{section.1}% 8
\BOOKMARK [2][-]{subsection.1.6}{\376\377\000\040\123\160\136\246\171\321\133\146\170\024\172\166\142\100\142\020\172\313\122\033\145\260\116\016\122\033\116\032\116\055\137\303\377\014\122\251\122\233\221\317\133\120\123\312\155\361\171\321\142\200\122\035\122\033\117\001\116\032\142\020\225\177\000\040}{section.1}% 9
\BOOKMARK [1][-]{section.2}{\376\377\171\321\142\200\122\115\154\277}{}% 10
\BOOKMARK [2][-]{subsection.2.1}{\376\377\000\040\000Q\000u\000a\000n\000t\000i\000n\000u\000u\000m\116\016\116\011\203\361\165\065\147\072\134\006\200\124\142\113\143\242\175\042\221\317\133\120\213\241\173\227\127\050\121\110\217\333\135\345\172\013\230\206\127\337\166\204\136\224\165\050\122\115\146\157\000\040}{section.2}% 11
\BOOKMARK [2][-]{subsection.2.2}{\376\377\000\040\000D\000-\000W\000a\000v\000e\123\321\136\003\225\350\152\041\127\213\221\317\133\120\213\241\173\227\215\357\176\277\126\376\377\014\0002\0000\0003\0002\136\164\133\236\163\260\0001\0000\0000\220\073\217\221\221\317\133\120\153\324\162\171\174\373\176\337\000\040}{section.2}% 12
\BOOKMARK [2][-]{subsection.2.3}{\376\377\000\040\142\021\126\375\171\321\133\146\133\266\122\051\165\050\221\317\133\120\121\111\134\006\215\205\137\353\157\300\121\111\140\047\200\375\133\236\163\260\116\214\123\101\120\015\172\201\170\064\000\040}{section.2}% 13
\BOOKMARK [2][-]{subsection.2.4}{\376\377\000\040\142\021\126\375\170\024\172\166\116\272\124\130\122\051\165\050\215\205\121\267\123\237\133\120\142\020\122\237\133\236\232\214\165\037\142\020\131\047\211\304\152\041\205\233\133\232\214\024\163\053\140\001\000\040}{section.2}% 14
\BOOKMARK [2][-]{subsection.2.5}{\376\377\000\040\133\314\130\353\136\267\213\241\122\022\127\050\0002\0000\0002\0007\136\164\143\250\121\372\0005\201\363\0001\0000\153\324\162\171\221\317\133\120\213\241\173\227\123\237\127\213\147\072\377\014\0002\0000\0003\0000\136\164\133\236\163\260\125\106\116\032\123\026\000\040}{section.2}% 15
\BOOKMARK [1][-]{section.3}{\376\377\116\247\124\301\122\250\140\001}{}% 16
\BOOKMARK [2][-]{subsection.3.1}{\376\377\000\040\000Q\000u\000e\000m\000i\000x\116\016\000S\000C\000S\000K\144\072\142\113\137\000\123\321\000P\000O\000D\000\040\000R\000e\000a\000d\000o\000u\000t\142\200\147\057\116\345\172\201\170\064\221\317\133\120\213\241\173\227\155\113\221\317\164\366\230\210\000\040}{section.3}% 17
\BOOKMARK [2][-]{subsection.3.2}{\376\377\000\040\000Q\000u\000e\000m\000i\000x\116\016\145\345\116\247\154\175\217\146\124\010\117\134\122\051\165\050\221\317\133\120\213\241\173\227\137\000\123\321\116\013\116\000\116\343\172\172\154\024\122\250\122\233\133\146\122\006\147\220\217\157\116\366\000\040}{section.3}% 18
\BOOKMARK [2][-]{subsection.3.3}{\376\377\000\040\000X\000a\000n\000a\000d\000u\166\204\000B\000o\000r\000e\000a\000l\000i\000s\121\111\221\317\133\120\213\241\173\227\147\072\133\236\163\260\221\317\133\120\117\030\122\277\377\014\0003\0006\137\256\171\322\133\214\142\020\215\205\173\227\227\000\0009\0000\0000\0000\136\164\166\204\116\373\122\241\000\040}{section.3}% 19
\BOOKMARK [2][-]{subsection.3.4}{\376\377\000\040\137\256\217\157\123\321\136\003\000M\000a\000j\000o\000r\000a\000n\000a\000\040\0002\142\323\142\121\221\317\133\120\202\257\162\107\377\014\221\317\133\120\153\324\162\171\123\357\227\140\140\047\143\320\123\107\0001\0000\0000\0000\120\015\000\040}{section.3}% 20
\BOOKMARK [2][-]{subsection.3.5}{\376\377\000\040\000E\000P\000F\000L\200\124\142\113\000Q\000u\000a\000n\000t\000i\000n\000u\000u\000m\377\032\134\006\122\051\165\050\124\016\200\005\230\166\134\026\221\317\133\120\213\241\173\227\147\072\122\251\122\233\171\321\170\024\172\201\170\064\000\040}{section.3}% 21
\BOOKMARK [2][-]{subsection.3.6}{\376\377\000\040\0008\0005\0000\116\007\153\047\121\103\142\123\220\040\377\001\000E\000u\000r\000o\000Q\000C\000S\000-\000S\000p\000a\000i\000n\221\317\133\120\213\241\173\227\147\072\204\075\127\060\135\364\130\136\177\127\220\243\215\205\173\227\116\055\137\303\000\040}{section.3}% 22
\BOOKMARK [2][-]{subsection.3.7}{\376\377\000\040\000I\000B\000M\134\006\221\317\133\120\213\241\173\227\147\072\040\034\220\001\217\333\040\035\213\376\130\002\377\014\116\000\136\164\147\037\133\146\165\037\215\046\123\367\153\317\147\010\123\357\166\175\132\326\0001\0000\122\006\224\237\000\040}{section.3}% 23
\BOOKMARK [1][-]{section.4}{\376\377\116\023\122\051\122\250\140\001}{}% 24
\BOOKMARK [2][-]{subsection.4.1}{\376\377\000\040\117\116\156\051\163\257\130\203\174\373\176\337\000\040}{section.4}% 25
\BOOKMARK [3][-]{subsubsection.4.1.1}{\376\377\000\040\143\245\145\066\145\271\134\017\127\213\123\026\221\317\133\120\133\306\224\245\165\037\142\020\176\310\172\357\000\040}{subsection.4.1}% 26
\BOOKMARK [3][-]{subsubsection.4.1.2}{\376\377\000\040\221\307\165\050\221\317\133\120\131\004\164\006\123\125\121\103\000\050\000Q\000P\000U\000\051\166\204\126\376\137\142\131\004\164\006\123\125\121\103\000\050\000G\000P\000U\000\051\123\340\122\240\213\241\173\227\174\373\176\337\000\040}{subsection.4.1}% 27
\BOOKMARK [2][-]{subsection.4.2}{\376\377\000\040\215\205\133\374\221\317\133\120\155\113\143\247\142\200\147\057\000\040}{section.4}% 28
\BOOKMARK [3][-]{subsubsection.4.2.1}{\376\377\000\040\165\050\116\216\221\317\133\120\117\115\213\373\121\372\126\150\166\204\210\145\120\177\201\011\121\262\000\040}{subsection.4.2}% 29
\BOOKMARK [3][-]{subsubsection.4.2.2}{\376\377\000\040\165\050\116\216\213\373\123\326\124\214\211\343\170\001\221\317\133\120\117\341\140\157\166\204\213\276\131\007\000\040}{subsection.4.2}% 30
\BOOKMARK [3][-]{subsubsection.4.2.3}{\376\377\000\040\116\000\171\315\127\050\215\205\133\374\221\317\133\120\174\373\176\337\116\055\133\236\163\260\155\367\124\010\176\364\136\246\221\317\133\120\166\370\117\115\225\350\166\204\145\271\154\325\000\040}{subsection.4.2}% 31
\BOOKMARK [3][-]{subsubsection.4.2.4}{\376\377\000\040\165\050\116\216\214\003\214\020\221\317\133\120\213\241\173\227\147\072\166\204\201\363\134\021\116\044\116\052\221\317\133\120\153\324\162\171\116\113\225\364\166\204\166\370\116\222\117\134\165\050\137\072\136\246\166\204\145\271\154\325\124\214\221\317\133\120\213\241\173\227\147\072\000\040}{subsection.4.2}% 32
