\BOOKMARK [1][-]{Doc-Start}{\376\377\144\130\211\201}{}% 1
\BOOKMARK [1][-]{Doc-Start}{\376\377\000\040\0006\147\010\221\317\133\120\171\321\142\200\210\114\116\032\126\375\121\205\060\001\126\375\226\105\117\032\213\256}{}% 2
\BOOKMARK [1][-]{section.1}{\376\377\133\217\211\302\140\001\122\277}{}% 3
\BOOKMARK [2][-]{subsection.1.1}{\376\377\000\040\116\034\156\126\232\330\145\260\123\072\230\206\133\374\215\160\213\277\214\003\170\024\116\055\171\321\221\167\123\237\377\014\174\276\121\306\147\015\122\241\122\251\122\233\117\001\116\032\123\321\134\125\000\040}{section.1}% 4
\BOOKMARK [2][-]{subsection.1.2}{\376\377\000\040\117\123\214\061\225\364\226\231\146\057\123\112\123\357\122\044\133\232\166\204\377\032\116\000\116\052\176\317\217\307\213\244\213\301\166\204\116\012\165\114\145\066\145\133\145\317\000\040}{section.1}% 5
\BOOKMARK [2][-]{subsection.1.3}{\376\377\000\040\123\132\137\010\060\001\215\133\160\271\060\001\221\317\133\120\377\032\224\210\133\371\215\035\123\366\145\257\123\132\137\010\116\055\166\370\121\163\127\107\210\141\166\204\123\302\145\160\123\026\221\317\133\120\165\065\215\357\000\040}{section.1}% 6
\BOOKMARK [2][-]{subsection.1.4}{\376\377\000\040\163\273\202\162\133\120\217\220\134\004\116\055\166\204\210\150\211\302\215\071\174\163\133\120\214\061\377\032\122\240\220\037\165\065\203\167\217\320\122\250\133\146\000\040}{section.1}% 7
\BOOKMARK [2][-]{subsection.1.5}{\376\377\000\040\166\370\136\162\116\244\143\142\220\127\141\276\116\016\220\032\220\123\213\301\146\016\133\146\116\140\000\040}{section.1}% 8
\BOOKMARK [2][-]{subsection.1.6}{\376\377\000\040\000\050\0001\000+\0001\000\051\176\364\123\315\157\024\162\304\142\311\121\113\000-\203\253\217\233\145\257\127\372\143\057\133\120\000\040}{section.1}% 9
\BOOKMARK [2][-]{subsection.1.7}{\376\377\000\040\221\315\122\233\133\120\123\072\127\337\116\055\166\204\176\257\140\001\123\312\121\166\176\240\177\040\161\265\000\040}{section.1}% 10
\BOOKMARK [2][-]{subsection.1.8}{\376\377\000\040\157\024\171\072\165\050\116\216\123\125\165\065\133\120\166\204\164\003\137\142\157\130\133\201\226\061\000\040}{section.1}% 11
\BOOKMARK [2][-]{subsection.1.9}{\376\377\000\040\127\050\000W\000S\000e\0002\134\001\210\305\166\204\123\125\134\102\167\363\130\250\160\357\116\055\133\232\122\066\176\257\214\067\000-\130\136\146\374\201\352\145\313\217\150\220\123\200\046\124\010\000\040}{section.1}% 12
\BOOKMARK [2][-]{subsection.1.10}{\376\377\000\040\221\307\165\050\133\371\145\160\177\121\150\074\116\012\226\220\137\017\153\145\217\333\166\204\137\353\220\037\137\040\221\317\177\121\176\334\206\132\145\366\157\024\123\026\000\040}{section.1}% 13
\BOOKMARK [2][-]{subsection.1.11}{\376\377\000\040\116\034\156\126\232\330\145\260\123\072\230\206\133\374\215\160\213\277\214\003\170\024\116\055\171\321\221\167\123\237\377\014\174\276\121\306\147\015\122\241\122\251\122\233\117\001\116\032\123\321\134\125\000\040}{section.1}% 14
\BOOKMARK [2][-]{subsection.1.12}{\376\377\000\040\165\060\176\263\211\177\131\047\133\146\124\057\122\250\000K\000-\000Q\000u\000a\000n\000t\000u\000m\213\241\122\022\377\014\116\345\137\072\123\026\123\072\127\337\221\317\133\120\142\200\147\057\230\206\133\374\127\060\117\115\000\040}{section.1}% 15
\BOOKMARK [2][-]{subsection.1.13}{\376\377\000\040\153\047\155\062\202\052\131\051\134\100\124\057\122\250\000S\000a\000g\000a\116\373\122\241\116\345\143\250\122\250\131\052\172\172\221\317\133\120\122\240\133\306\142\200\147\057\142\030\165\145\201\352\116\073\000\040}{section.1}% 16
\BOOKMARK [2][-]{subsection.1.14}{\376\377\000\040\211\177\133\211\165\065\133\120\171\321\142\200\131\047\133\146\221\317\133\120\171\321\142\200\116\244\123\311\170\024\172\166\226\142\116\216\145\345\122\115\142\020\172\313\000\040}{section.1}% 17
\BOOKMARK [2][-]{subsection.1.15}{\376\377\000\040\153\047\166\337\221\317\133\120\145\327\202\060\213\241\122\022\134\006\116\216\0006\147\010\124\057\122\250\174\373\122\027\170\024\213\250\117\032\377\014\200\132\161\046\116\224\131\047\215\357\176\277\126\376\000\040}{section.1}% 18
\BOOKMARK [2][-]{subsection.1.16}{\376\377\000\040\153\047\166\337\124\057\122\250\121\154\137\000\124\250\213\342\116\345\211\304\122\022\153\047\155\062\221\317\133\120\220\032\117\341\127\372\170\100\213\276\145\275\000E\000u\000r\000o\000Q\000C\000I\166\204\147\052\147\145\000\040}{section.1}% 19
\BOOKMARK [2][-]{subsection.1.17}{\376\377\000\040\123\160\136\246\171\321\133\146\170\024\172\166\142\100\000I\000I\000S\000c\116\016\145\345\147\054\000Y\000a\000q\000u\000m\000o\127\050\221\317\133\120\142\200\147\057\170\024\123\321\230\206\127\337\173\176\177\162\124\010\117\134\141\017\124\021\116\146\000\040}{section.1}% 20
\BOOKMARK [2][-]{subsection.1.18}{\376\377\000\040\000I\000n\000f\000l\000e\000q\000t\000i\000o\000n\202\361\126\375\221\317\133\120\162\110\126\376\121\215\116\013\116\000\127\316\377\014\162\133\155\045\122\033\145\260\116\055\137\303\123\163\134\006\142\225\121\145\117\177\165\050\000\040}{section.1}% 21
\BOOKMARK [2][-]{subsection.1.19}{\376\377\000\040\116\071\236\246\122\115\171\321\142\200\131\047\117\177\122\240\166\337\000S\000p\000a\000r\000r\000o\000w\000\040\000Q\000u\000a\000n\000t\000u\000m\377\014\121\372\116\373\231\226\136\055\125\106\122\241\133\230\116\000\200\114\000\040}{section.1}% 22
\BOOKMARK [2][-]{subsection.1.20}{\376\377\000\040\116\316\123\357\213\301\146\016\122\060\133\236\165\050\377\032\227\142\124\021\225\356\230\230\166\204\000D\000V\000/\000C\000V\221\317\133\120\133\306\224\245\122\006\123\321\176\317\121\170\116\016\147\072\126\150\133\146\116\140\226\062\137\241\176\374\217\360\000\040}{section.1}% 23
\BOOKMARK [2][-]{subsection.1.21}{\376\377\000\040\221\317\133\120\147\072\126\150\133\146\116\140\167\037\166\204\147\011\137\305\211\201\124\027\377\037\377\032\116\000\230\171\131\032\176\364\133\236\213\301\170\024\172\166\000\040}{section.1}% 24
\BOOKMARK [2][-]{subsection.1.22}{\376\377\000\040\133\374\202\052\060\001\123\073\165\227\116\016\171\321\133\146\166\204\123\330\227\151\200\005\377\032\221\317\133\120\117\040\141\037\126\150\131\202\117\125\141\037\167\345\147\000\137\256\137\061\166\204\217\320\122\250\116\016\170\301\127\072\000\040}{section.1}% 25
\BOOKMARK [2][-]{subsection.1.23}{\376\377\000\040\000Q\000-\000C\000T\000R\000L\145\260\166\175\166\256\116\146\230\204\213\241\377\032\0002\0000\0002\0007\201\363\0002\0000\0002\0009\136\164\221\317\133\120\213\241\173\227\142\026\134\006\215\113\200\375\126\375\226\062\124\016\122\344\230\206\127\337\000\040}{section.1}% 26
\BOOKMARK [2][-]{subsection.1.24}{\376\377\000\040\165\065\143\247\137\256\127\213\227\136\176\277\140\047\121\111\156\220\225\356\116\026\377\014\147\011\147\033\227\151\145\260\221\317\133\120\220\032\117\341\060\001\117\040\141\037\116\016\213\241\173\227\142\200\147\057\000\040}{section.1}% 27
\BOOKMARK [2][-]{subsection.1.25}{\376\377\000\040\162\151\164\006\133\146\133\266\120\037\122\251\221\317\133\120\176\240\177\040\143\320\121\372\165\050\116\216\164\006\211\343\123\026\133\146\225\056\166\204\145\260\150\106\147\266\000\040}{section.1}% 28
\BOOKMARK [2][-]{subsection.1.26}{\376\377\000\040\131\047\226\052\131\047\133\146\122\066\131\007\166\204\224\264\207\002\172\235\162\266\170\301\140\047\205\204\201\234\142\026\120\254\165\037\117\116\142\020\147\054\221\317\133\120\213\241\173\227\142\200\147\057\000\040}{section.1}% 29
\BOOKMARK [2][-]{subsection.1.27}{\376\377\000\040\000C\000S\000I\000R\000O\116\016\124\010\117\134\200\005\200\124\124\010\123\321\136\003\221\317\133\120\213\241\173\227\215\113\200\375\200\375\156\220\174\373\176\337\173\241\164\006\215\357\176\277\126\376\000\040}{section.1}% 30
\BOOKMARK [2][-]{subsection.1.28}{\376\377\000\040\157\263\131\047\122\051\116\232\116\016\126\375\226\105\170\024\172\166\116\272\124\130\124\010\117\134\123\321\210\150\221\317\133\120\213\241\173\227\127\050\200\375\156\220\230\206\127\337\166\204\123\321\134\125\215\357\176\277\126\376\000\040}{section.1}% 31
\BOOKMARK [2][-]{subsection.1.29}{\376\377\000\040\000Q\000-\000C\000T\000R\000L\123\321\136\003\166\175\166\256\116\146\377\032\230\204\213\241\122\060\0002\0000\0002\0007\136\164\134\006\116\072\126\375\226\062\162\151\155\101\230\206\127\337\136\046\147\145\221\317\133\120\117\030\122\277\000\040}{section.1}% 32
\BOOKMARK [2][-]{subsection.1.30}{\376\377\000\040\000A\000I\000S\000A\213\146\124\112\377\032\145\077\136\234\124\214\121\163\225\056\127\372\170\100\213\276\145\275\176\304\176\307\116\045\221\315\117\116\117\060\221\317\133\120\213\241\173\227\136\046\147\145\166\204\177\121\176\334\133\211\121\150\230\316\226\151\000\040}{section.1}% 33
\BOOKMARK [2][-]{subsection.1.31}{\376\377\000\040\123\160\136\246\171\321\133\146\170\024\172\166\142\100\142\020\172\313\122\033\145\260\116\016\122\033\116\032\116\055\137\303\377\014\122\251\122\233\221\317\133\120\123\312\155\361\171\321\142\200\122\035\122\033\117\001\116\032\142\020\225\177\000\040}{section.1}% 34
\BOOKMARK [2][-]{subsection.1.32}{\376\377\000\040\143\355\171\072\215\205\133\374\163\053\221\317\133\120\153\324\162\171\221\317\133\120\213\241\173\227\116\055\166\204\200\375\221\317\117\030\122\277\000\040}{section.1}% 35
\BOOKMARK [2][-]{subsection.1.33}{\376\377\000\040\147\204\136\372\153\047\155\062\221\317\133\120\166\376\162\114\377\032\121\150\131\047\226\106\221\317\133\120\133\306\224\245\122\006\221\115\377\010\000Q\000K\000D\377\011\127\372\170\100\213\276\145\275\166\204\142\030\165\145\211\306\211\322\000\040}{section.1}% 36
\BOOKMARK [2][-]{subsection.1.34}{\376\377\000\040\227\142\124\021\121\154\165\050\116\213\116\032\211\304\152\041\166\204\131\032\217\223\121\372\145\366\225\364\136\217\122\027\230\204\155\113\166\204\155\367\124\010\221\317\133\120\000-\176\317\121\170\147\072\126\150\133\146\116\140\173\227\154\325\000\040}{section.1}% 37
\BOOKMARK [2][-]{subsection.1.35}{\376\377\000\040\200\027\145\143\163\053\221\317\133\120\153\324\162\171\116\055\166\204\153\324\162\171\177\373\217\154\060\001\231\161\124\214\116\016\221\317\133\120\155\367\154\214\000\040}{section.1}% 38
\BOOKMARK [2][-]{subsection.1.36}{\376\377\000\040\145\345\147\054\156\350\147\176\121\111\133\120\133\146\121\154\123\370\134\006\127\050\145\260\122\240\127\141\213\276\172\313\133\120\121\154\123\370\116\345\122\240\137\072\116\034\123\127\116\232\136\002\127\072\136\003\134\100\000\040}{section.1}% 39
\BOOKMARK [2][-]{subsection.1.37}{\376\377\000\040\000B\000i\000t\000c\000o\000i\000n\000\040\000C\000a\000s\000h\171\076\123\072\157\300\155\073\000L\000a\000y\000l\000a\123\107\176\247\000\040\135\362\122\240\121\145\124\016\221\317\133\120\133\211\121\150\145\057\143\001\000\040}{section.1}% 40
\BOOKMARK [2][-]{subsection.1.38}{\376\377\000\040\137\267\126\375\145\077\136\234\123\321\136\003\145\260\162\110\221\317\133\120\215\357\176\277\126\376\377\032\116\316\170\024\123\321\217\154\124\021\116\247\116\032\211\304\152\041\123\026\000\040}{section.1}% 41
\BOOKMARK [2][-]{subsection.1.39}{\376\377\000\040\000S\000y\000n\000e\000r\000g\000y\000\040\000Q\000u\000a\000n\000t\000u\000m\133\243\136\003\143\250\121\372\227\142\124\021\171\373\122\250\220\032\117\341\166\204\221\317\133\120\133\211\121\150\133\211\123\123\144\315\117\134\174\373\176\337\000\040}{section.1}% 42
\BOOKMARK [2][-]{subsection.1.40}{\376\377\000\040\154\342\121\160\154\342\121\171\123\127\164\006\135\345\131\047\133\146\220\350\177\162\231\226\123\360\147\054\127\060\127\213\221\317\133\120\213\241\173\227\147\072\377\014\153\062\143\250\122\250\221\317\133\120\145\131\133\146\116\016\171\321\170\024\123\321\134\125\000\040}{section.1}% 43
\BOOKMARK [1][-]{section.2}{\376\377\171\321\142\200\122\115\154\277}{}% 44
\BOOKMARK [2][-]{subsection.2.1}{\376\377\000\040\221\317\133\120\153\324\162\171\155\113\221\317\166\204\117\341\140\157\133\214\131\007\140\047\123\312\221\317\133\120\153\324\162\171\220\032\220\123\166\204\000I\000C\117\335\143\001\140\047\377\032\210\150\137\201\116\016\221\317\123\026\000\040}{section.2}% 45
\BOOKMARK [2][-]{subsection.2.2}{\376\377\000\040\127\050\121\167\147\011\153\143\116\244\142\026\217\233\133\371\171\360\140\047\166\204\226\217\147\072\165\065\215\357\116\055\173\227\173\046\166\204\117\040\144\255\000\040}{section.2}% 46
\BOOKMARK [2][-]{subsection.2.3}{\376\377\000\040\221\317\133\120\144\346\226\144\142\020\120\317\377\032\136\366\217\337\220\011\142\351\144\346\226\144\116\055\166\204\116\222\210\145\152\041\140\001\000\040}{section.2}% 47
\BOOKMARK [2][-]{subsection.2.4}{\376\377\000\040\123\213\177\051\140\001\123\112\213\276\131\007\145\340\121\163\221\317\133\120\226\217\147\072\140\047\165\037\142\020\000\040}{section.2}% 48
\BOOKMARK [2][-]{subsection.2.5}{\376\377\000\040\123\302\145\160\213\361\133\374\166\204\215\205\133\374\221\317\133\120\165\065\215\357\116\016\126\372\140\001\201\352\145\313\174\373\176\374\116\113\225\364\166\204\137\072\200\046\124\010\000\040}{section.2}% 49
\BOOKMARK [2][-]{subsection.2.6}{\376\377\000\040\224\210\133\371\136\172\153\143\000k\000-\213\276\213\241\166\204\147\011\145\110\221\317\133\120\213\357\135\356\177\023\211\343\000\040}{section.2}% 50
\BOOKMARK [2][-]{subsection.2.7}{\376\377\000\040\127\372\116\216\221\317\133\120\213\241\173\227\122\240\220\037\164\006\213\272\116\055\131\032\221\317\133\120\173\227\133\120\116\343\145\160\172\172\225\364\121\205\166\204\136\014\134\024\117\057\162\171\172\172\225\364\133\371\171\360\176\323\147\204\377\014\170\024\172\166\116\272\124\130\133\236\163\260\116\206\133\120\172\172\225\364\220\011\142\351\140\047\136\172\153\143\144\315\143\247\000\040}{section.2}% 51
\BOOKMARK [2][-]{subsection.2.8}{\376\377\000\040\220\032\217\307\220\006\124\021\145\366\225\364\221\317\133\120\142\151\145\143\165\037\142\020\221\317\133\120\174\373\176\374\000\040}{section.2}% 52
\BOOKMARK [2][-]{subsection.2.9}{\376\377\000\040\215\205\133\374\221\317\133\120\153\324\162\171\162\171\140\047\143\317\217\360\145\131\172\013\000\040}{section.2}% 53
\BOOKMARK [2][-]{subsection.2.10}{\376\377\000\040\127\050\116\011\172\331\160\271\215\071\174\163\133\120\127\213\000S\000w\000a\000n\000s\000o\000n\152\041\127\213\116\055\121\167\147\011\123\125\116\000\134\125\137\000\215\357\137\204\166\204\116\011\221\315\131\107\137\002\160\271\000\040}{section.2}% 54
\BOOKMARK [2][-]{subsection.2.11}{\376\377\000\040\127\050\137\057\146\362\221\317\133\120\154\342\133\374\116\055\165\061\142\155\217\154\213\361\133\374\166\204\211\304\203\003\176\323\147\204\000\040}{section.2}% 55
\BOOKMARK [2][-]{subsection.2.12}{\376\377\000\040\116\316\134\100\220\350\221\111\116\015\123\330\140\047\122\073\165\073\221\317\133\120\117\341\220\123\000\040}{section.2}% 56
\BOOKMARK [2][-]{subsection.2.13}{\376\377\000\040\127\050\176\317\121\170\143\247\122\066\116\013\166\204\221\317\133\120\213\276\131\007\116\055\213\244\213\301\166\370\136\162\140\047\000\040}{section.2}% 57
\BOOKMARK [2][-]{subsection.2.14}{\376\377\000\040\221\317\133\120\137\025\122\233\152\041\116\377\156\070\142\017\000\040}{section.2}% 58
\BOOKMARK [2][-]{subsection.2.15}{\376\377\000\040\122\051\165\050\140\254\155\156\224\301\170\301\117\123\133\236\163\260\133\217\211\302\201\352\145\313\000G\000H\000Z\140\001\000\040}{section.2}% 59
\BOOKMARK [2][-]{subsection.2.16}{\376\377\000\040\121\163\116\216\117\330\203\267\171\273\133\120\123\314\221\317\133\120\225\350\134\100\220\350\173\111\116\367\140\047\166\204\170\024\172\166\000\040}{section.2}% 60
\BOOKMARK [2][-]{subsection.2.17}{\376\377\000\040\116\000\171\315\232\330\145\110\166\204\121\375\145\160\221\317\133\120\000H\000a\000d\000a\000m\000a\000r\000d\171\357\173\227\154\325\000\040}{section.2}% 61
\BOOKMARK [2][-]{subsection.2.18}{\376\377\000\040\122\006\137\142\133\120\142\323\142\121\121\150\140\157\147\057\000\040}{section.2}% 62
\BOOKMARK [2][-]{subsection.2.19}{\376\377\000\040\121\163\116\216\123\357\204\270\231\217\140\047\163\034\140\363\116\055\166\204\231\161\124\214\140\305\137\142\000\040}{section.2}% 63
\BOOKMARK [2][-]{subsection.2.20}{\376\377\000\040\123\357\142\151\134\125\166\204\221\317\133\120\171\136\176\317\177\121\176\334\162\107\116\012\213\255\176\303\123\312\121\166\127\050\116\064\136\212\145\160\143\156\130\153\210\145\116\055\166\204\136\224\165\050\000\040}{section.2}% 64
\BOOKMARK [2][-]{subsection.2.21}{\376\377\000\040\215\205\126\376\116\130\171\357\170\001\116\055\220\073\217\221\131\004\164\006\166\204\133\214\121\150\143\320\123\326\126\150\000\040}{section.2}% 65
\BOOKMARK [2][-]{subsection.2.22}{\376\377\000\040\127\372\116\216\000F\000P\000G\000A\166\204\121\111\133\120\221\317\133\120\213\241\173\227\136\224\165\050\122\115\231\210\174\373\176\337\000\040}{section.2}% 66
\BOOKMARK [2][-]{subsection.2.23}{\376\377\000\040\123\314\171\273\133\120\221\317\133\120\210\305\177\156\116\055\166\204\155\073\130\136\143\247\122\066\000\040}{section.2}% 67
\BOOKMARK [2][-]{subsection.2.24}{\376\377\000\040\127\050\171\217\121\113\140\001\146\166\150\074\116\055\137\353\220\037\142\323\142\121\121\111\133\120\117\040\217\223\166\204\121\150\134\100\176\335\160\355\122\044\143\156\000\040}{section.2}% 68
\BOOKMARK [2][-]{subsection.2.25}{\376\377\000\040\117\335\176\323\147\204\221\317\133\120\176\277\154\325\165\050\116\216\121\167\147\011\155\367\124\010\217\271\165\114\147\141\116\366\166\204\157\024\123\026\127\213\120\117\137\256\122\006\145\271\172\013\000\040}{section.2}% 69
\BOOKMARK [2][-]{subsection.2.26}{\376\377\000\040\127\372\116\216\117\012\217\233\124\310\133\306\230\177\221\317\166\370\117\115\230\204\212\000\147\072\166\204\200\375\221\317\220\011\142\351\140\047\221\317\133\120\144\034\175\042\000\040}{section.2}% 70
\BOOKMARK [2][-]{subsection.2.27}{\376\377\000\040\127\050\200\027\145\143\147\141\116\366\116\013\170\156\133\232\140\047\165\037\142\020\215\205\217\307\0001\0000\0000\116\052\121\111\133\120\166\204\163\053\140\001\000\040}{section.2}% 71
\BOOKMARK [2][-]{subsection.2.28}{\376\377\000\040\122\006\145\160\226\066\221\317\133\120\122\233\133\146\116\055\166\204\137\256\142\160\176\323\147\234\000\040}{section.2}% 72
\BOOKMARK [2][-]{subsection.2.29}{\376\377\000\040\227\142\124\021\172\040\133\306\000k\133\120\126\376\225\356\230\230\166\204\155\367\124\010\221\317\133\120\130\236\137\072\211\343\121\263\145\271\150\110\170\024\172\166\000\040}{section.2}% 73
\BOOKMARK [2][-]{subsection.2.30}{\376\377\000\040\145\340\124\016\220\011\142\351\166\204\131\032\121\111\133\120\130\236\166\370\136\162\140\001\165\037\142\020\000\040}{section.2}% 74
\BOOKMARK [2][-]{subsection.2.31}{\376\377\000\040\137\072\121\163\200\124\131\032\117\123\174\373\176\337\166\204\221\317\133\120\117\030\123\026\173\227\154\325\000\040}{section.2}% 75
\BOOKMARK [2][-]{subsection.2.32}{\376\377\000\040\127\372\116\216\226\306\117\123\201\352\145\313\116\016\121\111\214\061\162\171\137\201\166\204\221\317\133\120\000F\000i\000s\000h\000e\000r\117\341\140\157\147\072\126\150\133\146\116\140\230\204\155\113\000\040}{section.2}% 76
\BOOKMARK [2][-]{subsection.2.33}{\376\377\000\040\133\236\163\260\232\330\145\110\221\317\133\120\126\376\140\001\124\010\142\020\166\204\126\376\152\041\207\215\124\010\145\271\154\325\000\040}{section.2}% 77
\BOOKMARK [2][-]{subsection.2.34}{\376\377\000\040\201\352\145\313\133\210\140\122\152\041\127\213\166\204\174\276\170\156\211\343\116\016\000W\000i\000g\000n\000e\000r\000-\000A\000r\000a\000k\000i\000-\000Y\000a\000n\000a\000s\000e\133\232\164\006\000\040}{section.2}% 78
\BOOKMARK [2][-]{subsection.2.35}{\376\377\000\040\134\074\134\024\150\356\131\015\147\102\136\246\116\016\131\032\221\315\142\020\147\054\126\340\175\040\000\040}{section.2}% 79
\BOOKMARK [2][-]{subsection.2.36}{\376\377\000\040\220\032\217\307\134\006\116\244\123\330\170\301\117\123\226\306\142\020\122\060\215\205\133\374\221\317\133\120\153\324\162\171\213\276\213\241\116\055\377\014\143\320\123\107\116\206\221\317\133\120\153\324\162\171\140\047\200\375\000\040}{section.2}% 80
\BOOKMARK [2][-]{subsection.2.37}{\376\377\000\040\127\372\116\216\224\273\167\363\154\056\000-\172\172\117\115\202\162\137\303\166\204\133\275\136\046\137\256\154\342\127\072\167\342\221\317\170\301\155\113\221\317\000\040}{section.2}% 81
\BOOKMARK [2][-]{subsection.2.38}{\376\377\000\040\127\050\000L\000i\000n\000d\000b\000l\000a\000d\000i\000a\000n\122\250\122\233\133\146\116\055\166\204\121\340\117\125\220\000\166\370\136\162\145\366\225\364\000\040}{section.2}% 82
\BOOKMARK [2][-]{subsection.2.39}{\376\377\000\040\165\061\123\125\116\000\215\205\210\150\227\142\165\037\142\020\166\204\225\112\133\120\226\065\122\027\116\055\143\125\203\267\0001\0001\000,\0000\0000\0000\116\052\123\237\133\120\000\040}{section.2}% 83
\BOOKMARK [2][-]{subsection.2.40}{\376\377\000\040\127\372\116\216\147\072\126\150\133\146\116\140\166\204\123\330\122\006\173\227\154\325\221\317\133\120\225\031\213\357\177\023\211\343\142\200\147\057\000\040}{section.2}% 84
\BOOKMARK [2][-]{subsection.2.41}{\376\377\000\040\221\317\133\120\166\370\172\172\225\364\164\006\213\272\377\032\127\372\170\100\116\016\136\224\165\050\000\040}{section.2}% 85
\BOOKMARK [2][-]{subsection.2.42}{\376\377\000\040\122\051\165\050\166\370\172\172\225\364\122\006\136\003\143\242\155\113\227\136\176\277\140\047\215\205\121\267\221\317\133\120\154\024\117\123\166\204\117\341\140\157\213\272\136\246\221\317\000\040}{section.2}% 86
\BOOKMARK [2][-]{subsection.2.43}{\376\377\000\040\120\166\147\201\116\016\126\333\147\201\232\330\226\066\142\323\142\121\166\204\121\161\133\130\000\040}{section.2}% 87
\BOOKMARK [2][-]{subsection.2.44}{\376\377\000\040\220\032\217\307\221\314\137\267\130\041\226\073\130\136\127\050\121\111\225\112\116\055\137\353\220\037\122\066\131\007\123\125\123\237\133\120\000\040}{section.2}% 88
\BOOKMARK [2][-]{subsection.2.45}{\376\377\000\040\0002\0000\000\040\171\322\131\107\120\166\133\377\124\175\127\050\000\040\000I\000n\000A\000s\040\023\000P\000b\000\040\126\333\121\103\126\150\116\366\116\055\133\236\163\260\000\040}{section.2}% 89
\BOOKMARK [2][-]{subsection.2.46}{\376\377\000\040\121\111\133\120\166\204\203\253\162\171\217\154\123\330\377\032\201\124\116\055\000G\000r\000o\000s\000s\000-\000N\000e\000v\000e\000u\116\064\165\114\140\047\166\204\221\317\133\120\204\231\162\171\123\141\155\033\170\024\172\166\000\040}{section.2}% 90
\BOOKMARK [2][-]{subsection.2.47}{\376\377\000\040\221\317\133\120\162\151\215\050\117\177\121\111\225\045\221\317\133\120\123\026\000\040}{section.2}% 91
\BOOKMARK [2][-]{subsection.2.48}{\376\377\000\040\116\000\171\315\127\372\116\216\117\123\175\040\166\204\221\317\133\120\213\241\173\227\145\271\154\325\377\010\000V\000B\000Q\000C\377\011\165\050\116\216\126\372\117\123\122\233\133\146\225\356\230\230\000\040}{section.2}% 92
\BOOKMARK [2][-]{subsection.2.49}{\376\377\000\040\221\307\165\050\121\267\123\237\133\120\123\107\226\115\145\271\150\110\130\153\121\105\226\110\176\335\177\030\117\123\166\204\142\323\142\121\117\335\142\244\217\271\177\030\140\001\136\166\217\333\210\114\155\113\221\317\000\040}{section.2}% 93
\BOOKMARK [2][-]{subsection.2.50}{\376\377\000\040\163\273\202\162\000-\215\071\174\163\155\367\124\010\117\123\174\373\116\055\166\204\142\326\146\363\213\361\133\374\215\213\200\244\145\110\136\224\000\040}{section.2}% 94
\BOOKMARK [2][-]{subsection.2.51}{\376\377\000\040\000A\000N\000D\121\375\145\160\166\204\221\317\133\120\000-\176\317\121\170\173\111\116\367\140\047\000\040}{section.2}% 95
\BOOKMARK [2][-]{subsection.2.52}{\376\377\000\040\217\320\122\250\133\146\121\163\200\124\220\032\217\307\003\272\000-\136\236\122\240\203\261\117\131\171\357\133\236\163\260\000\040}{section.2}% 96
\BOOKMARK [2][-]{subsection.2.53}{\376\377\000\040\116\044\171\315\137\002\150\070\215\205\121\267\123\237\133\120\127\050\121\306\116\214\176\364\176\246\147\137\116\013\166\204\145\143\134\004\116\016\147\137\177\032\140\001\000\040}{section.2}% 97
\BOOKMARK [2][-]{subsection.2.54}{\376\377\000\040\150\300\232\214\176\240\177\040\121\111\133\120\133\371\000E\000R\000=\000E\000P\000R\163\034\140\363\000\040}{section.2}% 98
\BOOKMARK [2][-]{subsection.2.55}{\376\377\000\040\171\136\176\317\177\121\176\334\166\204\221\317\133\120\140\001\177\051\145\076\133\232\137\213\000\040}{section.2}% 99
\BOOKMARK [2][-]{subsection.2.56}{\376\377\000\040\000Q\000U\000I\000V\000E\000R\377\032\227\142\124\021\131\047\127\213\147\072\126\150\133\146\116\140\152\041\127\213\130\236\137\072\210\150\171\072\166\204\221\317\133\120\124\057\123\321\211\306\211\322\000\040}{section.2}% 100
\BOOKMARK [2][-]{subsection.2.57}{\376\377\000\040\000\050\0001\000+\0001\000\051\176\364\124\053\122\250\140\001\162\151\215\050\166\204\000U\000\050\0001\000\051\000\040\146\166\150\074\211\304\203\003\164\006\213\272\166\204\121\111\133\120\152\041\142\337\221\317\133\120\152\041\142\337\000\040}{section.2}% 101
\BOOKMARK [2][-]{subsection.2.58}{\376\377\000\040\127\050\221\317\133\120\170\154\116\366\116\012\152\041\142\337\121\335\200\132\140\001\162\151\164\006\000\040}{section.2}% 102
\BOOKMARK [2][-]{subsection.2.59}{\376\377\000\040\123\327\166\321\155\113\116\011\176\364\163\273\202\162\000-\124\310\117\057\137\267\152\041\127\213\116\055\137\072\133\371\171\360\140\047\122\060\137\061\133\371\171\360\140\047\170\064\177\072\166\204\136\163\127\107\127\072\143\317\217\360\000\040}{section.2}% 103
\BOOKMARK [2][-]{subsection.2.60}{\376\377\000\040\122\051\165\050\214\020\143\057\201\124\130\236\137\072\000S\154\342\153\265\221\314\137\267\117\057\123\237\133\120\137\256\154\342\143\245\145\066\147\072\166\204\160\165\145\117\136\246\000\040}{section.2}% 104
\BOOKMARK [2][-]{subsection.2.61}{\376\377\000\040\127\050\120\076\145\234\121\111\133\146\146\166\150\074\116\055\221\317\133\120\166\370\136\162\140\001\166\204\123\314\152\041\130\114\177\051\116\016\131\015\123\237\000\040}{section.2}% 105
\BOOKMARK [2][-]{subsection.2.62}{\376\377\000\040\211\302\133\337\133\144\133\120\166\370\116\222\117\134\165\050\213\361\133\374\166\204\137\353\220\037\000T\000h\000o\000u\000l\000e\000s\000s\154\365\155\146\163\260\214\141\000\040}{section.2}% 106
\BOOKMARK [2][-]{subsection.2.63}{\376\377\000\040\147\011\145\110\145\143\134\004\116\016\121\306\117\116\176\364\137\002\150\070\215\205\121\267\155\367\124\010\117\123\174\373\116\055\166\204\146\156\220\002\126\342\174\007\000\040}{section.2}% 107
\BOOKMARK [2][-]{subsection.2.64}{\376\377\000\040\165\061\232\154\176\246\142\311\176\263\215\071\174\163\133\120\217\320\122\250\133\236\163\260\166\204\133\236\226\105\221\317\133\120\225\350\000\040}{section.2}% 108
\BOOKMARK [2][-]{subsection.2.65}{\376\377\000\040\171\321\177\127\142\311\131\032\135\336\172\313\131\047\133\146\131\047\133\146\162\151\164\006\133\146\133\266\174\276\170\156\155\113\221\317\122\251\122\233\170\064\211\343\215\050\133\120\123\112\137\204\214\034\230\230\000\040}{section.2}% 109
\BOOKMARK [2][-]{subsection.2.66}{\376\377\000\040\123\116\166\333\230\177\131\047\133\146\221\317\133\120\230\336\215\303\116\055\137\303\142\323\134\125\124\010\117\134\162\110\126\376\377\014\200\124\124\010\116\055\211\177\220\350\232\330\150\041\143\250\122\250\171\321\170\024\172\201\170\064\000\040}{section.2}% 110
\BOOKMARK [2][-]{subsection.2.67}{\376\377\000\040\165\037\162\151\221\317\133\120\117\040\141\037\230\206\127\337\145\260\217\333\134\125\377\032\137\267\126\375\170\024\172\166\116\272\124\130\142\020\122\237\220\032\217\307\145\340\176\277\165\065\154\342\144\315\143\247\206\313\166\175\215\050\201\352\145\313\140\001\000\040}{section.2}% 111
\BOOKMARK [2][-]{subsection.2.68}{\376\377\000\040\000E\000P\000F\000L\142\020\116\072\164\136\130\353\231\226\116\052\220\032\217\307\201\352\147\011\213\276\145\275\143\320\117\233\221\317\133\120\213\241\173\227\116\221\213\277\225\356\166\204\232\330\150\041\000\040}{section.2}% 112
\BOOKMARK [2][-]{subsection.2.69}{\376\377\000\040\221\317\133\120\142\200\147\057\230\206\127\337\221\315\131\047\145\066\215\055\377\032\000Q\000n\000a\000m\000i\153\143\137\017\136\166\121\145\000Q\000u\000a\000n\000t\000u\000m\000\040\000D\000e\000s\000i\000g\000n\145\327\116\013\000\040}{section.2}% 113
\BOOKMARK [2][-]{subsection.2.70}{\376\377\000\040\220\032\217\307\134\006\221\317\133\120\147\120\145\231\116\016\121\111\200\046\124\010\377\014\203\261\145\257\131\047\133\146\126\342\226\037\116\072\133\217\211\302\221\317\133\120\176\240\177\040\136\224\165\050\137\000\217\237\145\260\220\024\137\204\000\040}{section.2}% 114
\BOOKMARK [2][-]{subsection.2.71}{\376\377\000\040\000Z\000a\000p\000a\000t\000a\000\040\000Q\000u\000a\000n\000t\000u\000m\116\373\124\175\145\260\116\247\124\301\116\016\136\002\127\072\232\330\173\241\377\014\122\240\220\037\221\317\133\120\213\241\173\227\125\106\116\032\123\026\217\333\172\013\000\040}{section.2}% 115
\BOOKMARK [2][-]{subsection.2.72}{\376\377\000\040\221\321\122\032\167\363\000N\000V\202\162\137\303\127\050\0001\0002\0000\000\040\000G\000P\000a\116\345\121\205\166\204\121\111\133\146\172\063\133\232\140\047\116\016\121\111\162\151\164\006\162\171\140\047\000\040}{section.2}% 116
\BOOKMARK [2][-]{subsection.2.73}{\376\377\000\040\000Q\000u\000a\000n\000t\000i\000n\000u\000u\000m\116\016\116\011\203\361\165\065\147\072\134\006\200\124\142\113\143\242\175\042\221\317\133\120\213\241\173\227\127\050\121\110\217\333\135\345\172\013\230\206\127\337\166\204\136\224\165\050\122\115\146\157\000\040}{section.2}% 117
\BOOKMARK [2][-]{subsection.2.74}{\376\377\000\040\171\136\142\067\131\047\133\146\145\260\170\024\172\166\122\051\165\050\146\364\174\276\176\306\166\204\145\160\133\146\147\145\123\072\122\006\221\317\133\120\147\120\145\231\116\016\117\040\176\337\147\120\145\231\000\040}{section.2}% 118
\BOOKMARK [2][-]{subsection.2.75}{\376\377\000\040\202\361\145\345\171\321\133\146\133\266\137\000\123\321\121\372\145\260\127\213\121\111\230\221\215\205\174\276\133\306\155\113\221\317\142\200\147\057\377\014\174\276\121\306\136\246\143\320\123\107\0003\0004\120\015\000\040}{section.2}% 119
\BOOKMARK [2][-]{subsection.2.76}{\376\377\000\040\137\267\126\375\124\057\122\250\145\350\127\050\122\051\165\050\226\306\142\020\121\111\133\120\133\146\116\016\221\317\133\120\220\032\117\341\142\200\147\057\130\236\137\072\121\111\176\244\177\121\176\334\133\211\121\150\166\204\145\260\124\010\117\134\230\171\166\356\000\040}{section.2}% 120
\BOOKMARK [2][-]{subsection.2.77}{\376\377\000\040\000Q\000S\000c\000a\000l\000e\221\317\133\120\230\171\166\356\203\267\202\254\121\160\145\077\136\234\215\104\122\251\377\014\134\006\143\242\175\042\121\111\133\146\143\247\122\066\133\236\163\260\215\205\174\276\170\156\117\341\123\367\131\004\164\006\000\040}{section.2}% 121
\BOOKMARK [2][-]{subsection.2.78}{\376\377\000\040\000D\000-\000W\000a\000v\000e\123\321\136\003\225\350\152\041\127\213\221\317\133\120\213\241\173\227\215\357\176\277\126\376\377\014\0002\0000\0003\0002\136\164\133\236\163\260\0001\0000\0000\220\073\217\221\221\317\133\120\153\324\162\171\174\373\176\337\000\040}{section.2}% 122
\BOOKMARK [2][-]{subsection.2.79}{\376\377\000\040\116\224\136\164\166\176\116\277\377\032\000I\000B\000M\145\245\135\350\215\104\153\062\122\240\220\037\221\317\133\120\213\241\173\227\172\201\170\064\377\014\166\356\150\007\0002\0000\0002\0009\136\164\133\236\163\260\131\047\211\304\152\041\133\271\225\031\213\241\173\227\000\040}{section.2}% 123
\BOOKMARK [2][-]{subsection.2.80}{\376\377\000\040\171\321\133\146\133\266\220\032\217\307\174\276\176\306\214\003\143\247\176\263\174\163\174\222\133\120\176\323\147\204\377\014\133\236\163\260\116\206\116\000\171\315\116\305\164\006\213\272\230\204\155\113\217\307\166\204\147\120\145\231\166\370\000\040}{section.2}% 124
\BOOKMARK [2][-]{subsection.2.81}{\376\377\000\040\203\167\121\160\171\321\133\146\133\266\153\143\137\000\123\321\116\000\171\315\232\330\160\165\145\117\136\246\117\040\141\037\126\150\377\014\116\345\143\242\155\113\155\167\116\012\226\276\116\345\217\375\216\052\166\204\040\034\236\321\202\071\040\035\000\040}{section.2}% 125
\BOOKMARK [2][-]{subsection.2.82}{\376\377\000\040\123\027\116\254\221\317\133\120\226\142\117\116\176\364\221\317\133\120\147\120\145\231\126\342\226\037\127\050\000F\000e\000T\000e\205\204\201\234\166\204\147\054\137\201\215\205\133\374\214\003\143\247\170\024\172\166\116\055\123\326\137\227\145\260\217\333\134\125\000\040}{section.2}% 126
\BOOKMARK [2][-]{subsection.2.83}{\376\377\000\040\156\005\123\116\131\047\133\146\116\244\123\311\117\341\140\157\226\142\171\321\170\024\126\342\226\037\231\226\153\041\211\302\155\113\122\060\131\032\117\123\122\250\122\233\133\146\121\273\176\323\163\260\214\141\000\040}{section.2}% 127
\BOOKMARK [2][-]{subsection.2.84}{\376\377\000\040\127\060\164\003\124\014\153\145\217\150\220\123\221\317\133\120\133\306\224\245\122\006\123\321\127\050\147\011\226\120\133\306\224\245\225\177\136\246\116\013\166\204\123\357\210\114\140\047\000\040}{section.2}% 128
\BOOKMARK [2][-]{subsection.2.85}{\376\377\000\040\000B\000M\000R\000T\133\236\163\260\116\015\227\140\226\367\217\276\176\242\131\026\173\111\117\040\176\337\145\271\154\325\166\204\143\242\155\113\142\200\147\057\377\014\200\375\174\276\121\306\225\001\133\232\144\072\136\046\160\270\203\157\147\120\145\231\166\204\145\340\116\272\147\072\000\040}{section.2}% 129
\BOOKMARK [2][-]{subsection.2.86}{\376\377\000\040\236\075\133\120\131\202\117\125\133\374\202\052\170\024\172\166\203\267\217\333\134\125\377\014\200\235\201\017\121\205\166\204\135\350\126\154\176\306\200\336\172\337\146\057\040\034\170\301\127\072\141\037\136\224\126\150\040\035\000\040}{section.2}% 130
\BOOKMARK [2][-]{subsection.2.87}{\376\377\000\040\202\361\126\375\221\317\133\120\165\037\162\151\123\073\133\146\116\055\137\303\203\267\0009\0000\116\007\202\361\225\121\215\104\122\251\377\014\134\006\143\250\122\250\221\317\133\120\117\040\141\037\136\224\165\050\127\050\116\064\136\212\123\073\165\227\230\206\127\337\000\040}{section.2}% 131
\BOOKMARK [2][-]{subsection.2.88}{\376\377\000\040\123\127\116\254\131\047\133\146\116\016\124\010\117\134\126\342\226\037\133\236\163\260\203\003\137\267\123\116\123\315\224\301\170\301\147\120\145\231\116\055\142\323\142\121\170\301\176\323\147\204\166\204\211\302\155\113\116\016\214\003\143\247\000\040}{section.2}% 132
\BOOKMARK [2][-]{subsection.2.89}{\376\377\000\040\145\260\127\213\221\317\133\120\117\040\141\037\142\200\147\057\200\375\220\032\217\307\150\300\155\113\221\321\122\032\167\363\177\072\226\167\166\204\137\256\134\017\142\160\122\250\147\145\213\306\122\053\116\244\225\031\170\301\117\123\000\040}{section.2}% 133
\BOOKMARK [2][-]{subsection.2.90}{\376\377\000\040\123\027\116\254\221\317\133\120\226\142\221\317\133\120\144\315\117\134\174\373\176\337\217\157\116\366\170\024\123\321\126\342\226\037\127\050\116\055\140\047\123\237\133\120\221\317\133\120\213\241\173\227\177\026\213\321\170\024\172\166\116\055\123\326\137\227\221\315\211\201\217\333\134\125\000\040}{section.2}% 134
\BOOKMARK [2][-]{subsection.2.91}{\376\377\000\040\142\021\126\375\171\321\133\146\133\266\122\051\165\050\221\317\133\120\121\111\134\006\215\205\137\353\157\300\121\111\140\047\200\375\133\236\163\260\116\214\123\101\120\015\172\201\170\064\000\040}{section.2}% 135
\BOOKMARK [2][-]{subsection.2.92}{\376\377\000\040\131\047\226\052\131\047\133\146\170\024\172\166\116\272\124\130\213\276\213\241\166\204\224\264\207\002\135\342\176\323\147\204\147\011\147\033\143\250\122\250\221\317\133\120\213\241\173\227\217\333\153\145\000\040}{section.2}% 136
\BOOKMARK [2][-]{subsection.2.93}{\376\377\000\040\162\151\164\006\133\146\133\266\123\321\163\260\116\000\171\315\127\050\176\263\174\163\134\072\136\246\146\364\131\175\143\247\122\066\121\111\166\204\145\260\145\271\154\325\000\040}{section.2}% 137
\BOOKMARK [2][-]{subsection.2.94}{\376\377\000\040\171\321\133\146\133\266\137\000\123\321\145\260\150\106\147\266\116\345\220\032\217\307\221\317\133\120\176\240\177\040\164\006\211\343\123\026\133\146\225\056\171\321\133\146\133\266\137\000\123\321\145\260\150\106\147\266\116\345\220\032\217\307\221\317\133\120\176\240\177\040\164\006\211\343\123\026\133\146\225\056\000\040}{section.2}% 138
\BOOKMARK [2][-]{subsection.2.95}{\376\377\000\040\142\021\126\375\170\024\172\166\116\272\124\130\122\051\165\050\215\205\121\267\123\237\133\120\142\020\122\237\133\236\232\214\165\037\142\020\131\047\211\304\152\041\205\233\133\232\214\024\163\053\140\001\000\040}{section.2}% 139
\BOOKMARK [2][-]{subsection.2.96}{\376\377\000\040\170\024\172\166\116\272\124\130\213\276\213\241\121\372\221\317\133\120\162\110\147\054\166\204\144\106\224\237\377\014\200\375\201\352\116\073\217\320\210\114\116\024\153\324\116\345\137\200\142\200\147\057\146\364\174\276\121\306\000\040}{section.2}% 140
\BOOKMARK [2][-]{subsection.2.97}{\376\377\000\040\133\314\130\353\136\267\213\241\122\022\127\050\0002\0000\0002\0007\136\164\143\250\121\372\0005\201\363\0001\0000\153\324\162\171\221\317\133\120\213\241\173\227\123\237\127\213\147\072\377\014\0002\0000\0003\0000\136\164\133\236\163\260\125\106\116\032\123\026\000\040}{section.2}% 141
\BOOKMARK [2][-]{subsection.2.98}{\376\377\000\040\211\177\163\355\162\131\170\024\172\166\116\272\124\130\213\276\213\241\166\204\215\205\133\374\176\263\174\163\126\150\116\366\123\357\124\110\163\260\221\317\133\120\227\015\134\024\145\110\136\224\162\171\137\201\000\040}{section.2}% 142
\BOOKMARK [2][-]{subsection.2.99}{\376\377\000\040\000D\000-\000W\000a\000v\000e\153\143\227\142\232\163\145\245\377\032\221\317\133\120\117\030\215\212\140\047\157\024\171\072\147\052\210\253\143\250\177\373\377\014\166\370\121\163\176\317\121\170\152\041\142\337\170\024\172\166\133\130\127\050\134\100\226\120\000\040}{section.2}% 143
\BOOKMARK [2][-]{subsection.2.100}{\376\377\000\040\227\015\134\074\227\346\134\024\124\021\202\361\126\375\147\000\131\047\133\244\121\205\121\111\133\146\213\276\145\275\116\244\116\330\116\000\123\360\123\357\171\373\122\250\137\017\127\060\227\142\121\111\133\146\172\331\000\040}{section.2}% 144
\BOOKMARK [2][-]{subsection.2.101}{\376\377\000\040\000I\000B\000M\000\040\0002\0000\0002\0006\136\164\000Q\000i\000s\000k\000i\000t\121\150\164\003\146\221\147\037\133\146\150\041\163\260\135\362\137\000\145\076\154\350\121\214\000\040}{section.2}% 145
\BOOKMARK [2][-]{subsection.2.102}{\376\377\000\040\171\321\133\146\133\266\127\050\117\030\123\026\215\205\133\374\147\120\145\231\145\271\227\142\123\326\137\227\217\333\134\125\377\014\145\260\127\213\177\072\226\167\213\306\122\053\134\006\122\251\122\233\137\000\123\321\146\364\117\116\126\152\130\360\221\317\133\120\126\150\116\366\000\040}{section.2}% 146
\BOOKMARK [2][-]{subsection.2.103}{\376\377\000\040\171\321\133\146\133\266\134\006\123\125\116\052\123\237\133\120\040\034\224\211\040\035\127\050\121\111\133\120\214\020\143\057\126\150\145\301\377\014\142\020\122\237\211\343\121\263\116\055\140\047\123\237\133\120\116\016\226\306\142\020\121\111\133\120\133\146\166\370\176\323\124\010\226\276\230\230\000\040}{section.2}% 147
\BOOKMARK [2][-]{subsection.2.104}{\376\377\000\040\135\364\211\177\143\250\217\333\000Q\000u\000a\000n\000d\000a\000n\000g\000a\221\317\133\120\220\032\117\341\177\121\176\334\230\171\166\356\377\014\134\006\136\372\231\226\116\052\154\070\116\105\140\047\133\236\232\214\127\372\170\100\213\276\145\275\000\040}{section.2}% 148
\BOOKMARK [2][-]{subsection.2.105}{\376\377\000\040\000Q\000u\000a\000n\000t\000u\000m\000C\000T\200\124\124\010\136\267\155\205\162\304\150\074\131\047\133\146\116\016\200\066\234\201\131\047\133\146\124\057\122\250\145\260\116\000\226\066\153\265\213\325\160\271\230\171\166\356\116\345\143\250\122\250\221\317\133\120\122\033\145\260\000\040}{section.2}% 149
\BOOKMARK [2][-]{subsection.2.106}{\376\377\000\040\203\253\176\263\116\300\131\047\133\146\137\000\123\321\166\204\176\263\174\163\165\065\215\357\123\357\127\050\123\125\116\000\202\257\162\107\116\012\133\236\163\260\121\111\117\341\140\157\165\037\142\020\060\001\137\025\133\374\116\016\213\373\123\326\000\040}{section.2}% 150
\BOOKMARK [1][-]{section.3}{\376\377\116\247\124\301\122\250\140\001}{}% 151
\BOOKMARK [2][-]{subsection.3.1}{\376\377\000\040\127\050\127\372\116\216\202\257\162\107\166\204\176\240\177\040\176\257\123\026\116\055\211\302\155\113\122\060\153\213\117\131\176\240\177\040\000\040}{section.3}% 152
\BOOKMARK [2][-]{subsection.3.2}{\376\377\000\040\122\115\124\021\217\205\122\251\121\300\123\026\377\032\215\205\215\212\117\040\176\337\147\201\226\120\166\204\145\366\172\172\150\106\147\266\000\040}{section.3}% 153
\BOOKMARK [2][-]{subsection.3.3}{\376\377\000\040\127\050\116\011\122\006\136\001\221\317\133\120\210\114\215\160\116\055\147\000\131\047\123\026\117\341\140\157\155\101\377\032\116\316\122\035\131\313\176\240\177\040\122\060\226\306\142\020\121\111\133\120\133\236\163\260\000\040}{section.3}% 154
\BOOKMARK [2][-]{subsection.3.4}{\376\377\000\040\000Q\000u\000e\000m\000i\000x\116\016\000S\000C\000S\000K\144\072\142\113\137\000\123\321\000P\000O\000D\000\040\000R\000e\000a\000d\000o\000u\000t\142\200\147\057\116\345\172\201\170\064\221\317\133\120\213\241\173\227\155\113\221\317\164\366\230\210\000\040}{section.3}% 155
\BOOKMARK [2][-]{subsection.3.5}{\376\377\000\040\000Q\000u\000e\000m\000i\000x\116\016\145\345\116\247\154\175\217\146\124\010\117\134\122\051\165\050\221\317\133\120\213\241\173\227\137\000\123\321\116\013\116\000\116\343\172\172\154\024\122\250\122\233\133\146\122\006\147\220\217\157\116\366\000\040}{section.3}% 156
\BOOKMARK [2][-]{subsection.3.6}{\376\377\000\040\000X\000a\000n\000a\000d\000u\166\204\000B\000o\000r\000e\000a\000l\000i\000s\121\111\221\317\133\120\213\241\173\227\147\072\133\236\163\260\221\317\133\120\117\030\122\277\377\014\0003\0006\137\256\171\322\133\214\142\020\215\205\173\227\227\000\0009\0000\0000\0000\136\164\166\204\116\373\122\241\000\040}{section.3}% 157
\BOOKMARK [2][-]{subsection.3.7}{\376\377\000\040\137\256\217\157\123\321\136\003\000M\000a\000j\000o\000r\000a\000n\000a\000\040\0002\142\323\142\121\221\317\133\120\202\257\162\107\377\014\221\317\133\120\153\324\162\171\123\357\227\140\140\047\143\320\123\107\0001\0000\0000\0000\120\015\000\040}{section.3}% 158
\BOOKMARK [2][-]{subsection.3.8}{\376\377\000\040\147\134\121\113\131\047\133\146\122\251\164\006\145\131\143\210\203\267\000N\000S\000F\215\104\122\251\377\014\134\006\143\242\175\042\145\260\127\213\121\111\133\120\147\120\145\231\200\375\124\046\172\201\170\064\221\317\133\120\213\241\173\227\164\366\230\210\000\040}{section.3}% 159
\BOOKMARK [2][-]{subsection.3.9}{\376\377\000\040\000Q\000u\000D\000e\000f\143\250\121\372\000S\000Q\000O\000U\000T\136\163\123\360\377\014\200\375\116\072\221\317\133\120\220\032\117\341\174\373\176\337\143\320\117\233\133\236\145\366\132\001\200\301\140\305\142\245\116\016\157\017\155\036\150\300\155\113\000\040}{section.3}% 160
\BOOKMARK [2][-]{subsection.3.10}{\376\377\000\040\000Q\000u\000a\000n\000d\000e\000l\000a\133\243\136\003\116\011\117\115\121\163\225\056\232\330\173\241\116\373\124\175\123\312\154\273\164\006\147\266\147\204\123\107\176\247\377\014\200\132\161\046\135\345\116\032\123\026\116\016\121\150\164\003\217\320\204\045\000\040}{section.3}% 161
\BOOKMARK [2][-]{subsection.3.11}{\376\377\000\040\000E\000P\000F\000L\200\124\142\113\000Q\000u\000a\000n\000t\000i\000n\000u\000u\000m\377\032\134\006\122\051\165\050\124\016\200\005\230\166\134\026\221\317\133\120\213\241\173\227\147\072\122\251\122\233\171\321\170\024\172\201\170\064\000\040}{section.3}% 162
\BOOKMARK [2][-]{subsection.3.12}{\376\377\000\040\000F\000i\000x\000s\000t\000a\000r\000s\000\040\000A\000m\000p\000l\000i\000f\000y\116\221\163\257\130\203\143\245\121\145\000Q\000U\000D\000O\000R\000A\221\317\133\120\217\157\116\366\150\010\377\014\135\362\143\320\117\233\121\166\152\041\142\337\126\150\147\015\122\241\000\040}{section.3}% 163
\BOOKMARK [2][-]{subsection.3.13}{\376\377\000\040\000H\000B\000K\000U\060\001\000O\000o\000r\000e\000d\000o\000o\116\016\123\141\130\124\134\024\126\375\226\062\220\350\136\372\142\020\213\345\126\375\231\226\147\141\221\317\133\120\133\211\121\150\220\032\117\341\224\376\215\357\000\040}{section.3}% 164
\BOOKMARK [2][-]{subsection.3.14}{\376\377\000\040\000S\000D\000T\116\016\000V\000i\000v\000a\134\006\124\010\117\134\137\000\123\321\127\372\116\216\000Q\000R\000N\000G\166\204\221\317\133\120\133\211\121\150\000A\000I\225\355\215\357\165\065\211\306\000\040}{section.3}% 165
\BOOKMARK [2][-]{subsection.3.15}{\376\377\000\040\117\046\145\146\126\375\163\213\133\146\226\142\116\016\124\010\117\134\200\005\134\006\120\037\122\251\214\067\153\114\000W\000i\000l\000l\000o\000w\131\004\164\006\126\150\152\041\142\337\131\047\201\021\171\136\176\317\121\103\000\040}{section.3}% 166
\BOOKMARK [2][-]{subsection.3.16}{\376\377\000\040\221\321\122\032\167\363\202\162\137\303\177\072\226\167\221\317\133\120\177\121\176\334\377\032\123\237\164\006\060\001\217\333\134\125\116\016\134\125\147\033\000\040}{section.3}% 167
\BOOKMARK [2][-]{subsection.3.17}{\376\377\000\040\154\064\116\013\221\317\133\120\133\306\224\245\122\006\123\321\123\117\213\256\140\047\200\375\122\006\147\220\377\032\000B\000B\0008\0004\060\001\000S\000A\000R\000G\0000\0004\000\040\116\016\000\040\000B\000B\000M\0009\0002\000\040}{section.3}% 168
\BOOKMARK [2][-]{subsection.3.18}{\376\377\000\040\000S\000E\000A\000L\000S\000Q\166\204\124\016\221\317\133\120\133\211\121\150\202\257\162\107\000Q\000S\0007\0000\0000\0001\203\267\000N\000I\000S\000T\161\265\156\220\232\214\213\301\213\301\116\146\000\040}{section.3}% 169
\BOOKMARK [2][-]{subsection.3.19}{\376\377\000\040\0008\0005\0000\116\007\153\047\121\103\142\123\220\040\377\001\000E\000u\000r\000o\000Q\000C\000S\000-\000S\000p\000a\000i\000n\221\317\133\120\213\241\173\227\147\072\204\075\127\060\135\364\130\136\177\127\220\243\215\205\173\227\116\055\137\303\000\040}{section.3}% 170
\BOOKMARK [2][-]{subsection.3.20}{\376\377\000\040\236\273\167\001\164\006\135\345\133\146\226\142\213\241\122\022\145\260\136\372\221\317\133\120\174\373\176\337\133\236\232\214\133\244\377\014\116\345\122\240\220\037\116\013\116\000\116\343\221\317\133\120\142\200\147\057\123\321\134\125\000\040}{section.3}% 171
\BOOKMARK [2][-]{subsection.3.21}{\376\377\000\040\000I\000B\000M\134\006\221\317\133\120\213\241\173\227\147\072\040\034\220\001\217\333\040\035\213\376\130\002\377\014\116\000\136\164\147\037\133\146\165\037\215\046\123\367\153\317\147\010\123\357\166\175\132\326\0001\0000\122\006\224\237\000\040}{section.3}% 172
\BOOKMARK [2][-]{subsection.3.22}{\376\377\000\040\000I\000B\000M\147\052\147\145\116\224\136\164\134\006\124\021\221\317\133\120\213\241\173\227\142\225\215\104\215\205\0001\0000\0000\116\277\177\216\121\103\377\014\0002\0000\0002\0009\136\164\133\236\163\260\131\047\211\304\152\041\133\271\225\031\221\317\133\120\213\241\173\227\000\040}{section.3}% 173
\BOOKMARK [2][-]{subsection.3.23}{\376\377\000\040\000P\000s\000i\000Q\000u\000a\000n\000t\000u\000m\116\232\131\052\155\113\213\325\116\016\232\214\213\301\133\236\232\214\133\244\127\050\150\074\221\314\203\362\145\257\131\047\133\146\153\143\137\017\124\057\165\050\000\040}{section.3}% 174
\BOOKMARK [2][-]{subsection.3.24}{\376\377\000\040\131\052\215\153\121\171\154\342\215\113\200\375\221\317\133\120\133\306\224\245\122\006\123\321\377\032\150\074\142\311\145\257\124\345\131\047\133\146\116\072\221\317\133\120\116\222\200\124\177\121\133\211\121\150\220\032\117\341\137\000\217\237\145\260\215\357\137\204\000\040}{section.3}% 175
\BOOKMARK [2][-]{subsection.3.25}{\376\377\000\040\123\027\116\254\221\317\133\120\226\142\126\342\226\037\143\320\121\372\000Z\000A\000P\145\271\150\110\377\014\123\357\170\064\211\343\116\055\140\047\123\237\133\120\221\317\133\120\202\257\162\107\123\237\133\120\144\054\217\320\116\016\116\062\142\160\143\247\122\066\173\111\226\276\230\230\000\040}{section.3}% 176
\BOOKMARK [2][-]{subsection.3.26}{\376\377\000\040\000Q\000u\000a\000n\000t\000u\000m\000\040\000M\000a\000c\000h\000i\000n\000e\000s\133\236\163\260\0007\131\051\121\267\124\057\122\250\000R\000i\000g\000e\000t\000t\000i\221\317\133\120\131\004\164\006\126\150\377\014\116\024\140\047\200\375\217\276\122\060\133\230\145\271\214\003\143\247\154\064\136\163\000\040}{section.3}% 177
\BOOKMARK [2][-]{subsection.3.27}{\376\377\000\040\165\062\232\250\145\207\116\016\000C\000l\000a\000s\000s\000i\000q\124\010\117\134\133\214\142\020\165\061\000A\000I\232\161\122\250\166\204\221\317\133\120\116\343\170\001\165\037\142\020\116\016\131\047\211\304\152\041\116\377\167\037\232\214\213\301\000\040}{section.3}% 178
\BOOKMARK [2][-]{subsection.3.28}{\376\377\000\040\116\055\140\047\123\237\133\120\221\317\133\120\213\241\173\227\121\154\123\370\000P\000a\000s\000q\000a\000l\142\337\120\037\130\363\116\012\136\002\377\014\135\362\143\320\116\244\116\032\122\241\124\010\136\166\154\350\121\214\130\360\146\016\000\040}{section.3}% 179
\BOOKMARK [2][-]{subsection.3.29}{\376\377\000\040\000P\000a\000s\000q\000a\000l\135\362\116\016\162\171\153\212\166\356\166\204\145\066\215\055\121\154\123\370\200\124\124\010\124\021\177\216\126\375\213\301\122\070\116\244\146\023\131\324\124\130\117\032\143\320\116\244\000F\000-\0004\210\150\150\074\154\350\121\214\130\360\146\016\000\040}{section.3}% 180
\BOOKMARK [2][-]{subsection.3.30}{\376\377\000\040\000Q\000u\000b\000i\000c\116\016\000Q\000u\000a\000n\000t\000u\000m\000\040\000M\000a\000c\000h\000i\000n\000e\000s\173\176\177\162\124\010\124\014\377\014\121\166\117\116\156\051\145\076\131\047\126\150\217\316\147\145\231\226\116\052\133\242\142\067\000\040}{section.3}% 181
\BOOKMARK [2][-]{subsection.3.31}{\376\377\000\040\000G\000l\000o\000b\000a\000l\000P\000l\000a\000t\000f\000o\000r\000m\143\250\121\372\226\306\142\020\116\206\124\016\221\317\133\120\133\306\170\001\142\200\147\057\166\204\137\000\156\220\170\105\202\257\162\107\122\006\123\321\145\271\150\110\000\040}{section.3}% 182
\BOOKMARK [2][-]{subsection.3.32}{\376\377\000\040\000D\000-\000W\000a\000v\000e\203\267\000N\000O\000R\000D\000T\000E\000C\000H\173\054\116\214\136\164\230\171\166\356\215\104\221\321\145\057\143\001\377\014\134\006\143\250\122\250\215\205\133\374\221\317\133\120\153\324\162\171\147\120\145\231\122\066\220\040\123\107\176\247\000\040}{section.3}% 183
\BOOKMARK [2][-]{subsection.3.33}{\376\377\000\040\000O\000R\000C\000A\000\040\000C\000o\000m\000p\000u\000t\000i\000n\000g\116\016\000D\000i\000g\000i\000t\000a\000l\000\040\000R\000e\000a\000l\000t\000y\124\010\117\134\377\014\143\242\175\042\221\317\133\120\122\240\220\037\116\016\000A\000I\127\372\170\100\213\276\145\275\207\215\124\010\000\040}{section.3}% 184
\BOOKMARK [2][-]{subsection.3.34}{\376\377\000\040\000T\000e\000l\000i\000a\000\040\000F\000i\000n\000l\000a\000n\000d\116\016\000Q\000M\000i\000l\000l\200\124\124\010\137\000\123\321\227\142\124\021\171\373\122\250\177\121\176\334\166\204\221\317\133\120\130\236\137\072\155\210\140\157\122\240\133\306\142\200\147\057\000\040}{section.3}% 185
\BOOKMARK [1][-]{section.4}{\376\377\117\001\116\032\215\104\213\257}{}% 186
\BOOKMARK [2][-]{subsection.4.1}{\376\377\000\040\116\373\141\017\221\317\133\120\140\001\116\016\176\317\121\170\117\341\140\157\166\204\136\177\116\111\124\014\153\145\117\040\217\223\000\040}{section.4}% 187
\BOOKMARK [2][-]{subsection.4.2}{\376\377\000\040\000A\000l\000i\000r\000o\116\373\124\175\165\065\117\341\215\104\155\361\116\272\130\353\116\072\204\143\116\213\117\032\142\147\210\114\116\073\136\055\377\014\122\240\220\037\221\317\133\120\177\121\176\334\144\315\117\134\174\373\176\337\116\247\116\032\123\026\000\040}{section.4}% 188
\BOOKMARK [2][-]{subsection.4.3}{\376\377\000\040\137\267\126\375\221\317\133\120\213\241\173\227\145\260\215\065\000Q\000U\000D\000O\000R\000A\217\333\121\233\116\232\131\052\377\014\127\050\116\034\116\254\213\276\172\313\140\073\220\350\136\166\133\214\142\020\150\070\137\303\232\330\173\241\116\373\124\175\000\040}{section.4}% 189
\BOOKMARK [1][-]{section.5}{\376\377\215\104\147\054\217\320\117\134}{}% 190
\BOOKMARK [2][-]{subsection.5.1}{\376\377\000\040\127\050\227\131\140\001\221\317\133\120\224\237\116\055\166\204\121\161\143\057\136\366\217\337\377\032\211\343\226\144\226\010\120\074\143\251\205\075\000\040}{section.5}% 191
\BOOKMARK [2][-]{subsection.5.2}{\376\377\000\040\000I\000Q\000M\203\267\202\254\121\160\121\173\200\001\221\321\135\350\131\064\000I\000l\000m\000a\000r\000i\000n\000e\000n\142\225\215\104\377\014\134\006\122\240\220\037\133\271\225\031\221\317\133\120\213\241\173\227\137\000\123\321\116\016\125\106\116\032\123\026\000\040}{section.5}% 192
\BOOKMARK [2][-]{subsection.5.3}{\376\377\000\040\000F\000r\000e\000e\000F\000o\000r\000m\000\040\000P\000h\000o\000t\000o\000n\000i\000c\000s\134\006\125\106\116\032\123\026\116\000\171\315\145\340\227\000\142\113\122\250\150\041\121\306\166\204\121\111\133\120\133\146\142\200\147\057\000\040}{section.5}% 193
\BOOKMARK [2][-]{subsection.5.4}{\376\377\000\040\000I\000B\000M\142\225\215\104\0001\0000\116\277\177\216\121\103\000+\0001\0000\116\277\000C\000H\000I\000P\000S\210\145\215\064\377\014\142\020\172\313\116\023\154\350\116\216\221\317\133\120\146\166\127\006\122\066\220\040\166\204\000A\000n\000d\000e\000r\000o\000n\121\154\123\370\000\040}{section.5}% 194
\BOOKMARK [2][-]{subsection.5.5}{\376\377\000\040\000M\000I\000T\200\124\142\113\232\154\204\050\213\370\130\136\135\336\145\077\136\234\377\014\145\245\215\104\0002\0005\0000\0000\116\007\177\216\121\103\142\123\220\040\221\317\133\120\174\373\176\337\133\236\232\214\133\244\000\040}{section.5}% 195
\BOOKMARK [2][-]{subsection.5.6}{\376\377\000\040\146\374\137\173\145\257\162\171\131\047\133\146\210\115\165\037\121\154\123\370\000I\000m\000p\000e\000r\000a\000g\000e\000n\133\214\142\020\0005\0000\0000\116\007\202\361\225\121\171\315\133\120\217\156\207\215\215\104\000\040}{section.5}% 196
\BOOKMARK [2][-]{subsection.5.7}{\376\377\000\040\000Q\000u\000a\000n\000t\000i\000n\000u\000u\000m\143\320\116\244\000I\000P\000O\165\063\213\367\377\014\117\060\120\074\0001\0002\0007\116\277\177\216\121\103\377\014\213\241\122\022\122\337\215\104\0001\0000\000.\0005\116\277\177\216\121\103\000\040}{section.5}% 197
