\BOOKMARK [1][-]{Doc-Start}{\376\377\144\130\211\201}{}% 1
\BOOKMARK [1][-]{Doc-Start}{\376\377\000\040\0006\147\010\221\317\133\120\171\321\142\200\210\114\116\032\126\375\121\205\060\001\126\375\226\105\117\032\213\256}{}% 2
\BOOKMARK [1][-]{section.1}{\376\377\133\217\211\302\140\001\122\277}{}% 3
\BOOKMARK [2][-]{subsection.1.1}{\376\377\000\040\143\355\171\072\215\205\133\374\163\053\221\317\133\120\153\324\162\171\221\317\133\120\213\241\173\227\116\055\166\204\200\375\221\317\117\030\122\277\000\040}{section.1}% 4
\BOOKMARK [2][-]{subsection.1.2}{\376\377\000\040\147\204\136\372\153\047\155\062\221\317\133\120\166\376\162\114\377\032\121\150\131\047\226\106\221\317\133\120\133\306\224\245\122\006\221\115\377\010\000Q\000K\000D\377\011\127\372\170\100\213\276\145\275\166\204\142\030\165\145\211\306\211\322\000\040}{section.1}% 5
\BOOKMARK [2][-]{subsection.1.3}{\376\377\000\040\227\142\124\021\121\154\165\050\116\213\116\032\211\304\152\041\166\204\131\032\217\223\121\372\145\366\225\364\136\217\122\027\230\204\155\113\166\204\155\367\124\010\221\317\133\120\000-\176\317\121\170\147\072\126\150\133\146\116\140\173\227\154\325\000\040}{section.1}% 6
\BOOKMARK [2][-]{subsection.1.4}{\376\377\000\040\200\027\145\143\163\053\221\317\133\120\153\324\162\171\116\055\166\204\153\324\162\171\177\373\217\154\060\001\231\161\124\214\116\016\221\317\133\120\155\367\154\214\000\040}{section.1}% 7
\BOOKMARK [2][-]{subsection.1.5}{\376\377\000\040\145\345\147\054\156\350\147\176\121\111\133\120\133\146\121\154\123\370\134\006\127\050\145\260\122\240\127\141\213\276\172\313\133\120\121\154\123\370\116\345\122\240\137\072\116\034\123\127\116\232\136\002\127\072\136\003\134\100\000\040}{section.1}% 8
\BOOKMARK [2][-]{subsection.1.6}{\376\377\000\040\000B\000i\000t\000c\000o\000i\000n\000\040\000C\000a\000s\000h\171\076\123\072\157\300\155\073\000L\000a\000y\000l\000a\123\107\176\247\000\040\135\362\122\240\121\145\124\016\221\317\133\120\133\211\121\150\145\057\143\001\000\040}{section.1}% 9
\BOOKMARK [2][-]{subsection.1.7}{\376\377\000\040\137\267\126\375\145\077\136\234\123\321\136\003\145\260\162\110\221\317\133\120\215\357\176\277\126\376\377\032\116\316\170\024\123\321\217\154\124\021\116\247\116\032\211\304\152\041\123\026\000\040}{section.1}% 10
\BOOKMARK [2][-]{subsection.1.8}{\376\377\000\040\000S\000y\000n\000e\000r\000g\000y\000\040\000Q\000u\000a\000n\000t\000u\000m\133\243\136\003\143\250\121\372\227\142\124\021\171\373\122\250\220\032\117\341\166\204\221\317\133\120\133\211\121\150\133\211\123\123\144\315\117\134\174\373\176\337\000\040}{section.1}% 11
\BOOKMARK [2][-]{subsection.1.9}{\376\377\000\040\154\342\121\160\154\342\121\171\123\127\164\006\135\345\131\047\133\146\220\350\177\162\231\226\123\360\147\054\127\060\127\213\221\317\133\120\213\241\173\227\147\072\377\014\153\062\143\250\122\250\221\317\133\120\145\131\133\146\116\016\171\321\170\024\123\321\134\125\000\040}{section.1}% 12
\BOOKMARK [2][-]{subsection.1.10}{\376\377\000\040\000B\000i\000t\000G\000o\134\006\116\016\000S\000i\000l\000e\000n\000c\000e\000\040\000L\000a\000b\000o\000r\000a\000t\000o\000r\000i\000e\000s\121\161\124\014\137\000\123\321\221\317\133\120\133\211\121\150\166\204\000M\000P\000C\224\261\123\005\127\372\170\100\213\276\145\275\000\040}{section.1}% 13
\BOOKMARK [2][-]{subsection.1.11}{\376\377\000\040\177\121\176\334\133\211\121\150\121\154\123\370\000G\000e\000n\000i\000e\000n\000c\000e\133\243\136\003\217\333\121\233\221\317\133\120\133\211\121\150\136\002\127\072\000\040}{section.1}% 14
\BOOKMARK [2][-]{subsection.1.12}{\376\377\000\040\000E\000S\000L\000\040\000S\000h\000i\000p\000p\000i\000n\000g\116\016\000Q\000M\000i\000l\000l\134\006\124\010\117\134\143\242\175\042\221\317\133\120\213\241\173\227\127\050\131\015\147\102\202\052\217\320\121\263\173\126\230\206\127\337\166\204\136\224\165\050\157\134\122\233\000\040}{section.1}% 15
\BOOKMARK [2][-]{subsection.1.13}{\376\377\000\040\123\160\136\246\120\250\131\007\224\366\210\114\145\260\213\276\000Q\000-\000S\000A\000F\000E\121\153\116\272\116\023\133\266\176\304\377\014\116\345\121\150\227\142\213\304\117\060\221\317\133\120\132\001\200\301\116\016\122\240\133\306\217\154\127\213\000\040}{section.1}% 16
\BOOKMARK [2][-]{subsection.1.14}{\376\377\000\040\123\160\136\246\221\317\133\120\133\211\121\150\142\200\147\057\122\035\122\033\121\154\123\370\000P\000r\000a\000m\000a\000t\000r\000a\000\040\000S\000p\000a\000c\000e\203\267\137\227\171\315\133\120\122\115\207\215\215\104\000\040}{section.1}% 17
\BOOKMARK [2][-]{subsection.1.15}{\376\377\000\040\145\260\122\240\127\141\121\372\123\360\116\000\174\373\122\027\145\260\116\076\143\252\377\014\122\251\122\233\117\001\116\032\136\224\133\371\000A\000I\227\151\124\175\116\016\221\317\133\120\132\001\200\301\123\314\221\315\143\021\142\030\000\040}{section.1}% 18
\BOOKMARK [2][-]{subsection.1.16}{\376\377\000\040\154\325\126\375\221\315\221\321\142\274\154\350\147\052\147\145\377\032\232\154\121\113\237\231\133\243\136\003\217\375\122\240\0001\0000\116\277\153\047\121\103\123\321\134\125\221\317\133\120\142\200\147\057\000\040}{section.1}% 19
\BOOKMARK [2][-]{subsection.1.17}{\376\377\000\040\123\127\123\141\177\127\147\145\176\263\131\047\133\146\122\233\220\200\122\115\000N\000A\000S\000A\123\312\126\375\127\037\133\211\121\150\220\350\116\023\133\266\377\014\116\345\122\240\220\037\221\317\133\120\117\341\140\157\142\200\147\057\136\003\134\100\000\040}{section.1}% 20
\BOOKMARK [2][-]{subsection.1.18}{\376\377\000\040\177\216\126\375\117\012\122\051\213\372\117\012\135\336\123\321\136\003\213\345\135\336\231\226\116\375\221\317\133\120\145\131\200\262\121\150\146\157\142\245\124\112\000\040}{section.1}% 21
\BOOKMARK [2][-]{subsection.1.19}{\376\377\000\040\177\216\126\375\125\106\122\241\220\350\142\337\215\104\122\251\000P\000s\000i\000Q\000u\000a\000n\000t\000u\000m\000\040\0001\116\277\177\216\121\103\377\014\143\250\122\250\121\111\221\317\133\120\213\241\173\227\150\070\137\303\142\200\147\057\147\054\127\037\123\026\000\040}{section.1}% 22
\BOOKMARK [2][-]{subsection.1.20}{\376\377\000\040\202\361\126\375\122\033\145\260\177\162\221\317\133\120\000P\000N\000T\230\171\166\356\173\054\116\000\226\066\153\265\176\323\147\137\377\014\000X\000a\000i\000r\000o\000s\122\251\122\233\147\204\136\372\227\136\000G\000N\000S\000S\143\210\145\366\117\123\174\373\000\040}{section.1}% 23
\BOOKMARK [2][-]{subsection.1.21}{\376\377\000\040\000Q\000u\000a\000n\000t\000i\000n\000u\000u\000m\134\006\203\267\177\216\200\124\220\246\215\104\221\321\145\057\143\001\377\014\200\124\142\113\147\054\127\037\117\233\136\224\125\106\137\000\123\321\133\271\225\031\127\213\171\273\133\120\226\061\221\317\133\120\213\241\173\227\147\072\000\040}{section.1}% 24
\BOOKMARK [2][-]{subsection.1.22}{\376\377\000\040\000R\000i\000g\000e\000t\000t\000i\116\016\177\216\126\375\125\106\122\241\220\350\173\176\177\162\141\017\124\021\116\146\377\014\116\345\166\370\136\224\200\241\147\103\143\142\0001\116\277\177\216\121\103\221\317\133\120\170\024\123\321\215\104\221\321\000\040}{section.1}% 25
\BOOKMARK [2][-]{subsection.1.23}{\376\377\000\040\145\340\150\007\230\230\000\040}{section.1}% 26
\BOOKMARK [1][-]{section.2}{\376\377\171\321\142\200\122\115\154\277}{}% 27
\BOOKMARK [2][-]{subsection.2.1}{\376\377\000\040\227\015\134\074\227\346\134\024\124\021\202\361\126\375\147\000\131\047\133\244\121\205\121\111\133\146\213\276\145\275\116\244\116\330\116\000\123\360\123\357\171\373\122\250\137\017\127\060\227\142\121\111\133\146\172\331\000\040}{section.2}% 28
\BOOKMARK [2][-]{subsection.2.2}{\376\377\000\040\000I\000B\000M\000\040\0002\0000\0002\0006\136\164\000Q\000i\000s\000k\000i\000t\121\150\164\003\146\221\147\037\133\146\150\041\163\260\135\362\137\000\145\076\154\350\121\214\000\040}{section.2}% 29
\BOOKMARK [2][-]{subsection.2.3}{\376\377\000\040\171\321\133\146\133\266\127\050\117\030\123\026\215\205\133\374\147\120\145\231\145\271\227\142\123\326\137\227\217\333\134\125\377\014\145\260\127\213\177\072\226\167\213\306\122\053\134\006\122\251\122\233\137\000\123\321\146\364\117\116\126\152\130\360\221\317\133\120\126\150\116\366\000\040}{section.2}% 30
\BOOKMARK [2][-]{subsection.2.4}{\376\377\000\040\171\321\133\146\133\266\134\006\123\125\116\052\123\237\133\120\040\034\224\211\040\035\127\050\121\111\133\120\214\020\143\057\126\150\145\301\377\014\142\020\122\237\211\343\121\263\116\055\140\047\123\237\133\120\116\016\226\306\142\020\121\111\133\120\133\146\166\370\176\323\124\010\226\276\230\230\000\040}{section.2}% 31
\BOOKMARK [2][-]{subsection.2.5}{\376\377\000\040\146\374\137\173\145\257\162\171\131\047\133\146\210\115\165\037\121\154\123\370\000I\000m\000p\000e\000r\000a\000g\000e\000n\133\214\142\020\0005\0000\0000\116\007\202\361\225\121\171\315\133\120\217\156\207\215\215\104\000\040}{section.2}% 32
\BOOKMARK [2][-]{subsection.2.6}{\376\377\000\040\135\364\211\177\143\250\217\333\000Q\000u\000a\000n\000d\000a\000n\000g\000a\221\317\133\120\220\032\117\341\177\121\176\334\230\171\166\356\377\014\134\006\136\372\231\226\116\052\154\070\116\105\140\047\133\236\232\214\127\372\170\100\213\276\145\275\000\040}{section.2}% 33
\BOOKMARK [2][-]{subsection.2.7}{\376\377\000\040\000Q\000u\000a\000n\000t\000u\000m\000C\000T\200\124\124\010\136\267\155\205\162\304\150\074\131\047\133\146\116\016\200\066\234\201\131\047\133\146\124\057\122\250\145\260\116\000\226\066\153\265\213\325\160\271\230\171\166\356\116\345\143\250\122\250\221\317\133\120\122\033\145\260\000\040}{section.2}% 34
\BOOKMARK [2][-]{subsection.2.8}{\376\377\000\040\203\253\176\263\116\300\131\047\133\146\137\000\123\321\166\204\176\263\174\163\165\065\215\357\123\357\127\050\123\125\116\000\202\257\162\107\116\012\133\236\163\260\121\111\117\341\140\157\165\037\142\020\060\001\137\025\133\374\116\016\213\373\123\326\000\040}{section.2}% 35
\BOOKMARK [2][-]{subsection.2.9}{\376\377\000\040\177\216\126\375\171\321\133\146\133\266\137\000\123\321\166\204\145\260\127\213\130\360\133\146\126\150\116\366\123\357\173\200\123\026\221\317\133\120\117\040\141\037\126\150\213\276\213\241\000\040}{section.2}% 36
\BOOKMARK [2][-]{subsection.2.10}{\376\377\000\040\145\345\147\054\171\321\133\146\133\266\123\321\163\260\134\006\122\006\133\120\116\016\221\317\133\120\160\271\176\304\124\010\123\357\146\076\204\127\143\320\123\107\131\052\226\063\200\375\165\065\154\140\145\110\163\207\000\040}{section.2}% 37
\BOOKMARK [2][-]{subsection.2.11}{\376\377\000\040\123\027\116\254\221\317\133\120\226\142\170\024\172\166\126\342\226\037\122\051\165\050\165\037\142\020\137\017\000A\000I\133\236\163\260\217\336\176\355\123\237\165\037\225\350\221\317\133\120\176\277\215\357\166\204\155\367\124\010\142\151\145\143\000-\117\030\123\026\124\010\142\020\000\040}{section.2}% 38
\BOOKMARK [2][-]{subsection.2.12}{\376\377\000\040\155\131\154\137\131\047\133\146\221\317\133\120\162\151\140\001\116\016\126\150\116\366\170\024\172\166\116\055\137\303\377\032\200\027\145\143\130\121\220\040\124\315\136\224\000\040}{section.2}% 39
\BOOKMARK [2][-]{subsection.2.13}{\376\377\000\040\123\127\116\254\131\047\133\146\220\271\153\043\146\124\124\214\172\013\136\372\146\045\213\376\230\230\176\304\133\236\163\260\217\150\220\123\213\361\133\374\166\204\116\011\176\364\041\044\122\006\174\173\232\330\226\066\142\323\142\121\176\335\177\030\117\123\000\040}{section.2}% 40
\BOOKMARK [2][-]{subsection.2.14}{\376\377\000\040\146\156\147\227\145\257\230\177\131\047\133\146\143\250\121\372\000A\000I\147\072\126\150\116\272\133\236\232\214\133\244\174\373\176\337\123\357\133\236\163\260\167\363\130\250\160\357\116\016\221\317\133\120\147\120\145\231\201\352\116\073\122\066\131\007\000\040}{section.2}% 41
\BOOKMARK [2][-]{subsection.2.15}{\376\377\000\040\000Q\000u\000a\000n\000t\000u\000m\000\040\000M\000i\000d\000i\000\040\000P\000o\000s\000s\000e\127\050\000I\000B\000M\170\154\116\366\116\012\133\214\142\020\116\000\230\171\127\372\121\306\155\113\213\325\377\014\142\020\122\237\232\214\213\301\121\166\000Q\000S\000C\000E\150\106\147\266\000\040}{section.2}% 42
\BOOKMARK [2][-]{subsection.2.16}{\376\377\000\040\116\316\226\234\170\215\122\060\215\104\156\220\377\032\123\141\134\024\145\257\234\201\123\204\164\006\135\345\133\146\226\142\231\226\153\041\133\236\163\260\133\371\215\205\133\374\117\123\170\301\155\241\145\313\217\333\210\114\221\317\133\120\143\247\122\066\000\040}{section.2}% 43
\BOOKMARK [2][-]{subsection.2.17}{\376\377\000\040\170\024\172\166\116\272\124\130\122\051\165\050\176\317\121\170\213\241\173\227\147\072\142\020\122\237\154\102\211\343\210\253\213\244\116\072\116\015\123\357\200\375\133\214\142\020\166\204\131\015\147\102\221\317\133\120\162\151\164\006\225\356\230\230\000\040}{section.2}% 44
\BOOKMARK [2][-]{subsection.2.18}{\376\377\000\040\000O\000I\000S\000T\145\260\170\024\172\166\221\315\145\260\133\232\116\111\201\352\145\313\163\273\164\203\377\014\116\072\221\317\133\120\201\352\145\313\155\262\117\123\143\320\117\233\116\206\146\364\172\063\120\145\170\024\172\166\215\357\137\204\000\040}{section.2}% 45
\BOOKMARK [2][-]{subsection.2.19}{\376\377\000\040\137\267\126\375\171\321\133\146\133\266\142\020\122\237\133\236\163\260\133\371\147\011\147\072\122\006\133\120\217\333\210\114\123\125\122\006\133\120\176\247\166\204\221\317\133\120\214\003\143\247\000\040}{section.2}% 46
\BOOKMARK [2][-]{subsection.2.20}{\376\377\000\040\000W\000I\000S\000E\000R\116\016\137\027\122\263\140\151\227\015\131\053\166\204\145\260\200\124\124\010\170\024\172\166\143\242\175\042\116\206\221\317\133\120\147\072\126\150\133\146\116\140\127\050\137\002\136\070\150\300\155\113\116\055\166\204\136\224\165\050\000\040}{section.2}% 47
\BOOKMARK [2][-]{subsection.2.21}{\376\377\000\040\171\321\133\146\133\266\123\026\226\234\170\215\116\072\122\051\126\150\377\032\145\143\134\004\116\313\215\050\123\357\123\330\216\253\116\072\221\317\133\120\117\341\140\157\133\211\121\150\117\040\217\223\145\260\176\304\116\366\000\040}{section.2}% 48
\BOOKMARK [2][-]{subsection.2.22}{\376\377\000\040\221\321\122\032\167\363\215\205\133\374\147\072\122\066\203\267\145\260\211\343\377\032\177\216\170\024\172\166\116\272\124\130\116\072\137\000\123\321\131\032\122\237\200\375\221\317\133\120\202\257\162\107\131\140\133\232\116\206\127\372\170\100\000\040}{section.2}% 49
\BOOKMARK [2][-]{subsection.2.23}{\376\377\000\040\123\116\116\034\136\010\131\047\126\342\226\037\060\012\201\352\161\066\060\013\123\321\145\207\377\032\221\317\133\120\130\236\137\072\165\065\133\120\226\247\172\177\000\040}{section.2}% 50
\BOOKMARK [2][-]{subsection.2.24}{\376\377\000\040\116\055\126\375\171\321\131\047\123\321\163\260\225\115\127\372\232\330\156\051\215\205\133\374\147\072\122\066\166\204\221\315\211\201\133\236\232\214\213\301\143\156\000\040}{section.2}% 51
\BOOKMARK [2][-]{subsection.2.25}{\376\377\000\040\154\325\126\375\126\342\226\037\172\201\170\064\140\047\170\024\172\166\377\032\122\051\165\050\221\317\133\120\176\240\177\040\133\236\163\260\116\015\220\017\146\016\116\313\215\050\220\017\146\016\123\026\000\040}{section.2}% 52
\BOOKMARK [2][-]{subsection.2.26}{\376\377\000\040\000A\000t\000o\000m\000\040\000C\000o\000m\000p\000u\000t\000i\000n\000g\116\016\177\216\126\375\125\106\122\241\220\350\173\176\177\162\141\017\124\021\116\146\377\014\153\062\143\250\122\250\116\055\140\047\123\237\133\120\221\317\133\120\213\241\173\227\125\106\116\032\123\026\000\040}{section.2}% 53
\BOOKMARK [2][-]{subsection.2.27}{\376\377\000\040\000P\000a\000s\000q\000a\000l\231\226\153\041\127\050\167\037\133\236\221\317\133\120\131\004\164\006\126\150\116\012\232\214\213\301\220\073\217\221\221\317\133\120\153\324\162\171\211\201\146\076\204\127\117\030\116\216\117\040\176\337\145\271\154\325\000\040}{section.2}% 54
\BOOKMARK [2][-]{subsection.2.28}{\376\377\000\040\177\216\126\375\125\106\122\241\220\350\142\337\124\021\000D\000-\000W\000a\000v\000e\143\320\117\233\0001\116\277\177\216\121\103\215\104\221\321\145\057\143\001\377\014\122\251\122\233\121\166\123\321\134\125\221\317\133\120\213\241\173\227\142\200\147\057\000\040}{section.2}% 55
\BOOKMARK [2][-]{subsection.2.29}{\376\377\000\040\221\317\133\120\213\241\173\227\121\110\232\161\000S\000e\000t\000h\000\040\000L\000l\000o\000y\000d\122\240\121\145\000P\000l\000a\000n\000c\000k\000i\000a\000n\377\014\122\251\122\233\121\166\121\150\134\100\143\247\122\066\221\317\133\120\176\240\225\031\173\126\165\145\170\024\123\321\000\040}{section.2}% 56
\BOOKMARK [2][-]{subsection.2.30}{\376\377\000\040\000P\000a\000s\000q\000a\000l\231\226\153\041\122\051\165\050\116\055\140\047\123\237\133\120\221\317\133\120\213\241\173\227\147\072\157\024\171\072\220\073\217\221\153\324\162\171\127\050\154\102\211\343\137\256\122\006\145\271\172\013\145\271\227\142\211\201\137\072\116\216\162\151\164\006\153\324\162\171\000\040}{section.2}% 57
\BOOKMARK [1][-]{section.3}{\376\377\116\247\124\301\122\250\140\001}{}% 58
\BOOKMARK [2][-]{subsection.3.1}{\376\377\000\040\123\027\116\254\221\317\133\120\226\142\126\342\226\037\143\320\121\372\000Z\000A\000P\145\271\150\110\377\014\123\357\170\064\211\343\116\055\140\047\123\237\133\120\221\317\133\120\202\257\162\107\123\237\133\120\144\054\217\320\116\016\116\062\142\160\143\247\122\066\173\111\226\276\230\230\000\040}{section.3}% 59
\BOOKMARK [2][-]{subsection.3.2}{\376\377\000\040\000Q\000u\000a\000n\000t\000u\000m\000\040\000M\000a\000c\000h\000i\000n\000e\000s\133\236\163\260\0007\131\051\121\267\124\057\122\250\000R\000i\000g\000e\000t\000t\000i\221\317\133\120\131\004\164\006\126\150\377\014\116\024\140\047\200\375\217\276\122\060\133\230\145\271\214\003\143\247\154\064\136\163\000\040}{section.3}% 60
\BOOKMARK [2][-]{subsection.3.3}{\376\377\000\040\116\055\140\047\123\237\133\120\221\317\133\120\213\241\173\227\121\154\123\370\000P\000a\000s\000q\000a\000l\142\337\120\037\130\363\116\012\136\002\377\014\135\362\143\320\116\244\116\032\122\241\124\010\136\166\154\350\121\214\130\360\146\016\000\040}{section.3}% 61
\BOOKMARK [2][-]{subsection.3.4}{\376\377\000\040\000Q\000u\000b\000i\000c\203\267\231\226\116\052\117\116\156\051\145\076\131\047\126\150\124\010\124\014\377\014\144\072\142\113\000Q\000u\000a\000n\000t\000u\000m\000\040\000M\000a\000c\000h\000i\000n\000e\000s\117\030\123\026\221\317\133\120\213\241\173\227\140\047\200\375\000\040}{section.3}% 62
\BOOKMARK [2][-]{subsection.3.5}{\376\377\000\040\000P\000a\000s\000q\000a\000l\135\362\116\016\162\171\153\212\166\356\166\204\145\066\215\055\121\154\123\370\200\124\124\010\124\021\177\216\126\375\213\301\122\070\116\244\146\023\131\324\124\130\117\032\143\320\116\244\000F\000-\0004\210\150\150\074\154\350\121\214\130\360\146\016\000\040}{section.3}% 63
\BOOKMARK [2][-]{subsection.3.6}{\376\377\000\040\000Q\000u\000b\000i\000c\116\016\000Q\000u\000a\000n\000t\000u\000m\000\040\000M\000a\000c\000h\000i\000n\000e\000s\173\176\177\162\124\010\124\014\377\014\121\166\117\116\156\051\145\076\131\047\126\150\217\316\147\145\231\226\116\052\133\242\142\067\000\040}{section.3}% 64
\BOOKMARK [2][-]{subsection.3.7}{\376\377\000\040\000G\000l\000o\000b\000a\000l\000P\000l\000a\000t\000f\000o\000r\000m\143\250\121\372\226\306\142\020\116\206\124\016\221\317\133\120\133\306\170\001\142\200\147\057\166\204\137\000\156\220\170\105\202\257\162\107\122\006\123\321\145\271\150\110\000\040}{section.3}% 65
\BOOKMARK [2][-]{subsection.3.8}{\376\377\000\040\000D\000-\000W\000a\000v\000e\203\267\000N\000O\000R\000D\000T\000E\000C\000H\173\054\116\214\136\164\230\171\166\356\215\104\221\321\145\057\143\001\377\014\134\006\143\250\122\250\215\205\133\374\221\317\133\120\153\324\162\171\147\120\145\231\122\066\220\040\123\107\176\247\000\040}{section.3}% 66
\BOOKMARK [2][-]{subsection.3.9}{\376\377\000\040\000O\000R\000C\000A\000\040\000C\000o\000m\000p\000u\000t\000i\000n\000g\116\016\000D\000i\000g\000i\000t\000a\000l\000\040\000R\000e\000a\000l\000t\000y\124\010\117\134\377\014\143\242\175\042\221\317\133\120\122\240\220\037\116\016\000A\000I\127\372\170\100\213\276\145\275\207\215\124\010\000\040}{section.3}% 67
\BOOKMARK [2][-]{subsection.3.10}{\376\377\000\040\000T\000e\000l\000i\000a\000\040\000F\000i\000n\000l\000a\000n\000d\116\016\000Q\000M\000i\000l\000l\200\124\124\010\137\000\123\321\227\142\124\021\171\373\122\250\177\121\176\334\166\204\221\317\133\120\130\236\137\072\155\210\140\157\122\240\133\306\142\200\147\057\000\040}{section.3}% 68
\BOOKMARK [2][-]{subsection.3.11}{\376\377\000\040\000S\000e\000Q\000u\000r\000e\000\040\000Q\000u\000a\000n\000t\000u\000m\142\020\122\237\127\050\146\172\122\051\220\350\177\162\116\000\147\141\221\317\133\120\133\211\121\150\220\032\117\341\224\376\215\357\000\040}{section.3}% 69
\BOOKMARK [2][-]{subsection.3.12}{\376\377\000\040\142\311\211\177\164\136\116\232\131\047\133\146\116\016\000e\000n\000Q\000a\000s\000e\153\143\124\010\117\134\143\250\217\333\221\317\133\120\133\211\121\150\127\372\170\100\213\276\145\275\220\350\177\162\000\040}{section.3}% 70
\BOOKMARK [2][-]{subsection.3.13}{\376\377\000\040\177\127\232\154\134\074\116\232\134\006\142\225\215\104\215\205\0001\116\277\153\047\121\103\220\350\177\162\213\345\126\375\231\226\123\360\221\317\133\120\213\241\173\227\147\072\000\040}{section.3}% 71
\BOOKMARK [2][-]{subsection.3.14}{\376\377\000\040\202\361\126\375\221\317\133\120\213\241\173\227\122\035\122\033\121\154\123\370\000U\000n\000i\000v\000e\000r\000s\000a\000l\000\040\000Q\000u\000a\000n\000t\000u\000m\123\327\122\060\131\032\133\266\000S\000P\000A\000C\121\154\123\370\121\163\154\350\000\040}{section.3}% 72
\BOOKMARK [2][-]{subsection.3.15}{\376\377\000\040\000S\000c\000a\000l\000e\000w\000a\000y\116\016\000Q\000b\000i\000t\000S\000o\000f\000t\200\124\142\113\143\250\121\372\153\047\155\062\231\226\116\052\116\221\123\237\165\037\221\317\133\120\221\307\165\050\213\241\122\022\000\040}{section.3}% 73
\BOOKMARK [2][-]{subsection.3.16}{\376\377\000\040\000C\000r\000y\000p\000t\000o\0004\000A\153\143\137\017\123\321\136\003\221\317\133\120\133\211\121\150\133\306\224\245\173\241\164\006\136\163\123\360\000Q\000x\000V\000a\000u\000l\000t\000\040}{section.3}% 74
\BOOKMARK [2][-]{subsection.3.17}{\376\377\000\040\000R\000i\000g\000e\000t\000t\000i\221\307\215\055\162\133\155\045\116\352\126\150\166\204\123\237\133\120\134\102\206\200\122\073\174\373\176\337\377\014\116\345\143\320\123\107\121\166\221\317\133\120\146\166\127\006\123\202\122\066\220\040\200\375\122\233\000\040}{section.3}% 75
\BOOKMARK [2][-]{subsection.3.18}{\376\377\000\040\000A\000e\000g\000i\000q\124\057\165\050\202\361\126\375\145\260\140\073\220\350\377\014\213\241\122\022\142\225\145\160\166\176\116\007\202\361\225\121\142\123\220\040\121\111\133\120\221\317\133\120\213\241\173\227\123\123\215\212\116\055\137\303\000\040}{section.3}% 76
\BOOKMARK [2][-]{subsection.3.19}{\376\377\000\040\000Q\000u\000i\000X\123\321\136\003\121\111\133\120\176\304\210\305\143\247\122\066\123\125\121\103\000\040\123\357\226\115\117\116\121\111\221\317\133\120\174\373\176\337\131\015\147\102\136\246\136\166\143\320\123\107\226\306\142\020\116\016\176\364\142\244\145\110\163\207\000\040}{section.3}% 77
\BOOKMARK [2][-]{subsection.3.20}{\376\377\000\040\154\325\126\375\221\317\133\120\213\241\173\227\122\035\122\033\121\154\123\370\000A\000l\000i\000c\000e\000\040\000\046\000\040\000B\000o\000b\203\267\137\227\202\361\117\037\217\276\230\316\142\225\220\350\225\350\142\225\215\104\000\040}{section.3}% 78
\BOOKMARK [2][-]{subsection.3.21}{\376\377\000\040\000S\000B\000Q\000u\000a\000n\000t\000u\000m\203\267\137\227\122\240\142\377\131\047\126\375\226\062\220\350\116\044\116\375\116\367\120\074\0003\0000\0000\116\007\122\240\121\103\166\204\221\317\133\120\170\301\122\233\213\241\124\010\124\014\000\040}{section.3}% 79
\BOOKMARK [2][-]{subsection.3.22}{\376\377\000\040\000P\000a\000c\000k\000e\000t\000L\000i\000g\000h\000t\144\072\142\113\000Q\000u\000a\000n\000t\000u\000m\000\040\000X\000C\000h\000a\000n\000g\000e\377\014\207\215\124\010\000P\000Q\000C\116\016\000Q\000K\000D\137\072\123\026\121\111\177\121\176\334\133\211\121\150\000\040}{section.3}% 80
\BOOKMARK [2][-]{subsection.3.23}{\376\377\000\040\000S\000u\000p\000e\000r\000p\000o\000s\000i\000t\000i\000o\000n\000s\000\040\000S\000t\000u\000d\000i\000o\143\250\121\372\227\142\124\021\117\001\116\032\166\204\221\317\133\120\147\072\126\150\133\146\116\140\136\163\123\360\000\040}{section.3}% 81
\BOOKMARK [2][-]{subsection.3.24}{\376\377\000\040\124\016\221\317\133\120\133\306\170\001\133\146\142\244\202\052\000A\000I\147\072\126\150\116\272\377\032\000W\000I\000S\000e\000K\000e\000y\143\250\121\372\000W\000I\000S\000e\000R\000o\000b\000o\000t\000.\000c\000h\136\163\123\360\136\224\133\371\221\317\133\120\132\001\200\301\000\040}{section.3}% 82
\BOOKMARK [2][-]{subsection.3.25}{\376\377\000\040\000Q\000u\000a\000n\000t\000i\000n\000u\000u\000m\116\016\177\216\126\375\125\106\122\241\220\350\173\176\177\162\141\017\124\021\116\146\377\014\134\006\122\240\220\037\177\216\126\375\127\050\221\317\133\120\213\241\173\227\230\206\127\337\166\204\230\206\121\110\127\060\117\115\000\040}{section.3}% 83
\BOOKMARK [1][-]{section.4}{\376\377\116\023\122\051\122\250\140\001}{}% 84
\BOOKMARK [2][-]{subsection.4.1}{\376\377\000\040\117\116\156\051\163\257\130\203\174\373\176\337\000\040}{section.4}% 85
\BOOKMARK [3][-]{subsubsection.4.1.1}{\376\377\000\040\165\050\116\216\127\050\117\116\156\051\135\345\117\134\156\051\136\246\116\013\144\315\117\134\116\000\176\304\221\317\133\120\153\324\162\171\166\204\174\373\176\337\124\214\145\271\154\325\000\040}{subsection.4.1}% 86
\BOOKMARK [3][-]{subsubsection.4.1.2}{\376\377\000\040\116\000\171\315\127\372\116\216\160\355\165\065\217\154\143\142\145\110\136\224\166\204\173\024\213\260\147\054\165\065\201\021\136\237\160\355\126\336\145\066\122\051\165\050\174\373\176\337\123\312\145\271\154\325\000\040}{subsection.4.1}% 87
\BOOKMARK [3][-]{subsubsection.4.1.3}{\376\377\000\040\156\051\136\246\150\257\136\246\143\247\122\066\166\204\204\270\123\321\220\040\174\222\130\124\122\066\131\007\161\144\127\372\221\317\133\120\170\263\160\271\177\023\221\312\200\245\145\231\166\204\145\271\154\325\000\040}{subsection.4.1}% 88
\BOOKMARK [3][-]{subsubsection.4.1.4}{\376\377\000\040\116\000\171\315\232\330\155\123\136\246\134\077\175\040\136\237\154\064\116\055\227\136\143\045\123\321\140\047\221\170\150\071\133\232\124\021\123\273\226\144\116\016\134\077\175\040\126\336\145\066\166\204\145\271\154\325\124\214\174\373\176\337\000\040}{subsection.4.1}% 89
\BOOKMARK [3][-]{subsubsection.4.1.5}{\376\377\000\040\116\000\171\315\232\330\140\047\200\375\155\361\175\053\131\026\123\321\121\111\126\150\116\366\123\312\121\166\122\066\131\007\145\271\154\325\000\040}{subsection.4.1}% 90
\BOOKMARK [3][-]{subsubsection.4.1.6}{\376\377\000\040\165\050\116\216\221\317\133\120\213\241\173\227\155\113\143\247\166\204\226\306\142\020\156\344\154\342\145\076\131\047\210\305\177\156\000\040}{subsection.4.1}% 91
\BOOKMARK [2][-]{subsection.4.2}{\376\377\000\040\215\205\133\374\221\317\133\120\155\113\143\247\142\200\147\057\000\040}{section.4}% 92
\BOOKMARK [3][-]{subsubsection.4.2.1}{\376\377\000\040\221\317\133\120\213\241\173\227\143\247\122\066\210\305\177\156\060\001\221\317\133\120\213\241\173\227\147\072\123\312\221\317\133\120\213\241\173\227\143\247\122\066\145\271\154\325\000\040}{subsection.4.2}% 93
\BOOKMARK [3][-]{subsubsection.4.2.2}{\376\377\000\040\165\050\116\216\221\317\133\120\213\241\173\227\155\113\143\247\166\204\226\306\142\020\156\344\154\342\145\076\131\047\210\305\177\156\000\040}{subsection.4.2}% 94
\BOOKMARK [2][-]{subsection.4.3}{\376\377\000\040\221\317\133\120\217\157\116\366\116\016\173\227\154\325\000\040}{section.4}% 95
\BOOKMARK [3][-]{subsubsection.4.3.1}{\376\377\000\040\221\317\133\120\213\241\173\227\143\247\122\066\210\305\177\156\060\001\221\317\133\120\213\241\173\227\147\072\123\312\221\317\133\120\213\241\173\227\143\247\122\066\145\271\154\325\000\040}{subsection.4.3}% 96
\BOOKMARK [3][-]{subsubsection.4.3.2}{\376\377\000\040\123\237\133\120\166\204\165\065\133\120\140\001\122\006\171\273\126\150\060\001\123\237\133\120\136\162\155\211\116\352\060\001\123\237\133\120\215\303\217\301\230\221\163\207\155\113\221\317\210\305\177\156\060\001\123\237\133\120\143\057\203\141\126\150\060\001\121\111\146\166\150\074\224\237\060\001\221\317\133\120\213\241\173\227\147\072\123\312\123\237\133\120\166\204\165\065\133\120\140\001\123\340\122\240\140\001\166\204\165\037\142\020\145\271\154\325\000\040}{subsection.4.3}% 97
\BOOKMARK [3][-]{subsubsection.4.3.3}{\376\377\000\040\127\372\116\216\000F\000P\000G\000A\166\204\204\231\162\171\123\141\177\127\215\357\137\204\171\357\122\006\000-\152\041\142\337\221\317\133\120\220\000\160\153\145\271\154\325\123\312\174\373\176\337\000\040}{subsection.4.3}% 98
\BOOKMARK [3][-]{subsubsection.4.3.4}{\376\377\000\040\165\050\116\216\221\317\133\120\213\241\173\227\155\113\143\247\166\204\226\306\142\020\156\344\154\342\145\076\131\047\210\305\177\156\000\040}{subsection.4.3}% 99
\BOOKMARK [3][-]{subsubsection.4.3.5}{\376\377\000\040\221\317\133\120\201\352\145\313\155\262\117\123\116\055\166\204\142\323\142\121\221\317\133\120\153\324\162\171\000\040}{subsection.4.3}% 100
\BOOKMARK [3][-]{subsubsection.4.3.6}{\376\377\000\040\217\154\213\321\217\307\172\013\116\055\166\204\142\113\122\250\221\317\133\120\153\324\162\171\146\040\134\004\000\040}{subsection.4.3}% 101
\BOOKMARK [3][-]{subsubsection.4.3.7}{\376\377\000\040\176\323\124\010\221\317\133\120\213\241\173\227\060\001\123\132\137\010\213\272\117\030\123\026\123\312\166\370\121\163\145\271\154\325\166\204\134\004\230\221\117\341\123\367\122\006\174\173\210\305\177\156\000\040}{subsection.4.3}% 102
\BOOKMARK [3][-]{subsubsection.4.3.8}{\376\377\000\040\221\317\133\120\153\324\162\171\154\350\121\214\210\150\124\175\124\015\172\172\225\364\000\040}{subsection.4.3}% 103
\BOOKMARK [2][-]{subsection.4.4}{\376\377\000\040\221\317\133\120\171\321\142\200\225\177\116\011\211\322\116\247\116\032\122\033\145\260\116\055\137\303\000\040}{section.4}% 104
\BOOKMARK [3][-]{subsubsection.4.4.1}{\376\377\000\040\116\000\171\315\127\072\215\357\123\117\124\014\116\377\167\037\145\271\154\325\060\001\174\373\176\337\060\001\116\313\215\050\123\312\165\065\133\120\213\276\131\007\000\040}{subsection.4.4}% 105
\BOOKMARK [1][-]{section.5}{\376\377\117\001\116\032\215\104\213\257}{}% 106
\BOOKMARK [2][-]{subsection.5.1}{\376\377\000\040\165\062\232\250\145\207\116\016\000C\000l\000a\000s\000s\000i\000q\124\010\117\134\133\214\142\020\165\061\000A\000I\232\161\122\250\166\204\221\317\133\120\116\343\170\001\165\037\142\020\116\016\131\047\211\304\152\041\116\377\167\037\232\214\213\301\000\040}{section.5}% 107
\BOOKMARK [1][-]{section.6}{\376\377\215\104\147\054\217\320\117\134}{}% 108
\BOOKMARK [2][-]{subsection.6.1}{\376\377\000\040\000Q\000u\000a\000n\000t\000i\000n\000u\000u\000m\143\320\116\244\000I\000P\000O\165\063\213\367\377\014\117\060\120\074\0001\0002\0007\116\277\177\216\121\103\377\014\213\241\122\022\122\337\215\104\0001\0000\000.\0005\116\277\177\216\121\103\000\040}{section.6}% 109
\BOOKMARK [2][-]{subsection.6.2}{\376\377\000\040\202\254\121\160\221\317\133\120\173\227\154\325\122\035\122\033\121\154\123\370\000Q\000u\000a\000n\000s\000c\000i\000e\000n\000t\133\243\136\003\133\214\142\020\0001\0000\0000\0000\116\007\153\047\121\103\000A\217\156\207\215\215\104\000\040}{section.6}% 110
\BOOKMARK [2][-]{subsection.6.3}{\376\377\000\040\000T\000e\000r\000r\000a\000\040\000Q\000u\000a\000n\000t\000u\000m\134\006\116\345\0003\0005\116\277\177\216\121\103\117\060\120\074\220\032\217\307\000S\000P\000A\000C\145\271\137\017\116\012\136\002\000\040}{section.6}% 111
\BOOKMARK [2][-]{subsection.6.4}{\376\377\000\040\221\317\133\120\142\225\215\104\127\372\221\321\000G\000r\000o\000u\000n\000d\000\040\000S\000t\000a\000t\000e\000\040\000V\000e\000n\000t\000u\000r\000e\000s\134\006\116\000\124\015\142\225\215\104\140\073\166\321\143\320\123\107\116\072\124\010\117\031\116\272\000\040}{section.6}% 112
\BOOKMARK [2][-]{subsection.6.5}{\376\377\000\040\122\240\142\377\131\047\215\104\122\251\0005\0005\0005\116\007\122\240\121\103\123\321\215\167\116\044\230\171\221\317\133\120\143\021\142\030\377\014\200\132\161\046\123\027\147\201\121\111\133\146\127\060\227\142\172\331\116\016\217\334\215\335\171\273\221\317\133\120\116\055\176\347\000\040}{section.6}% 113
\BOOKMARK [2][-]{subsection.6.6}{\376\377\000\040\000A\000r\000q\000i\000t\121\154\136\003\145\260\215\042\122\241\116\032\176\351\377\032\204\045\145\066\116\305\0006\0002\000.\0003\116\007\177\216\121\103\377\014\147\010\127\107\217\320\204\045\145\057\121\372\226\115\201\363\0002\0006\0000\116\007\000\040}{section.6}% 114
\BOOKMARK [2][-]{subsection.6.7}{\376\377\000\040\000S\000B\000Q\000u\000a\000n\000t\000u\000m\203\267\0004\0000\0000\116\007\122\240\121\103\171\315\133\120\217\156\207\215\215\104\377\014\122\240\220\037\221\321\122\032\167\363\221\317\133\120\170\301\122\233\213\241\125\106\116\032\123\026\000\040}{section.6}% 115
\BOOKMARK [2][-]{subsection.6.8}{\376\377\000\040\215\205\133\374\221\317\133\120\145\164\147\072\170\024\123\321\117\001\116\032\116\012\155\167\167\351\221\317\121\111\124\057\203\267\0002\116\277\121\103\131\051\117\177\217\156\207\215\215\104\000\040}{section.6}% 116
\BOOKMARK [2][-]{subsection.6.9}{\376\377\000\040\150\074\202\257\142\020\172\313\221\317\133\120\142\200\147\057\211\343\121\263\145\271\150\110\220\350\225\350\377\014\136\166\203\267\177\216\126\375\125\106\122\241\220\350\0003\000.\0007\0005\116\277\177\216\121\103\142\350\153\076\000\040}{section.6}% 117
